[1] "ebpm_point_gamma"
[1] "8 cpus available"
[1] "iter         ELBO"
[1] "1:    226807.046145"
[1] "iter         ELBO"
[1] "2:    226815.641584"
[1] "iter         ELBO"
[1] "3:    226822.605361"
[1] "iter         ELBO"
[1] "4:    226828.627518"
[1] "iter         ELBO"
[1] "5:    226833.978210"
[1] "iter         ELBO"
[1] "6:    226838.802021"
[1] "iter         ELBO"
[1] "7:    226843.192186"
[1] "iter         ELBO"
[1] "8:    226847.216362"
[1] "iter         ELBO"
[1] "9:    226850.926997"
[1] "iter         ELBO"
[1] "10:    226854.366487"
[1] "iter         ELBO"
[1] "11:    226857.563028"
[1] "iter         ELBO"
[1] "12:    226860.559832"
[1] "iter         ELBO"
[1] "13:    226863.366883"
[1] "iter         ELBO"
[1] "14:    226866.019363"
[1] "iter         ELBO"
[1] "15:    226868.520701"
[1] "iter         ELBO"
[1] "16:    226870.900455"
[1] "iter         ELBO"
[1] "17:    226873.157560"
[1] "iter         ELBO"
[1] "18:    226875.317246"
[1] "iter         ELBO"
[1] "19:    226877.375454"
[1] "iter         ELBO"
[1] "20:    226879.354328"
[1] "iter         ELBO"
[1] "21:    226881.247650"
[1] "iter         ELBO"
[1] "22:    226883.075288"
[1] "iter         ELBO"
[1] "23:    226884.829551"
[1] "iter         ELBO"
[1] "24:    226886.528565"
[1] "iter         ELBO"
[1] "25:    226888.163347"
[1] "iter         ELBO"
[1] "26:    226889.751240"
[1] "iter         ELBO"
[1] "27:    226891.282529"
[1] "iter         ELBO"
[1] "28:    226892.772833"
[1] "iter         ELBO"
[1] "29:    226894.218079"
[1] "iter         ELBO"
[1] "30:    226895.621198"
[1] "iter         ELBO"
[1] "31:    226896.984296"
[1] "iter         ELBO"
[1] "32:    226898.309898"
[1] "iter         ELBO"
[1] "33:    226899.599704"
[1] "iter         ELBO"
[1] "34:    226900.855209"
[1] "iter         ELBO"
[1] "35:    226902.078463"
[1] "iter         ELBO"
[1] "36:    226903.270743"
[1] "iter         ELBO"
[1] "37:    226904.433250"
[1] "iter         ELBO"
[1] "38:    226905.567674"
[1] "iter         ELBO"
[1] "39:    226906.675028"
[1] "iter         ELBO"
[1] "40:    226907.756271"
[1] "iter         ELBO"
[1] "41:    226908.812702"
[1] "iter         ELBO"
[1] "42:    226909.845511"
[1] "iter         ELBO"
[1] "43:    226910.855476"
[1] "iter         ELBO"
[1] "44:    226911.839016"
[1] "iter         ELBO"
[1] "45:    226912.807268"
[1] "iter         ELBO"
[1] "46:    226913.754389"
[1] "iter         ELBO"
[1] "47:    226914.682001"
[1] "iter         ELBO"
[1] "48:    226915.591044"
[1] "iter         ELBO"
[1] "49:    226916.481110"
[1] "iter         ELBO"
[1] "50:    226917.355303"
[1] "iter         ELBO"
[1] "51:    226918.211221"
[1] "iter         ELBO"
[1] "52:    226919.049662"
[1] "iter         ELBO"
[1] "53:    226919.871613"
[1] "iter         ELBO"
[1] "54:    226920.673041"
[1] "iter         ELBO"
[1] "55:    226921.464191"
[1] "iter         ELBO"
[1] "56:    226922.239126"
[1] "iter         ELBO"
[1] "57:    226922.999421"
[1] "iter         ELBO"
[1] "58:    226923.745498"
[1] "iter         ELBO"
[1] "59:    226924.478096"
[1] "iter         ELBO"
[1] "60:    226925.193567"
[1] "iter         ELBO"
[1] "61:    226925.901647"
[1] "iter         ELBO"
[1] "62:    226926.596192"
[1] "iter         ELBO"
[1] "63:    226927.278965"
[1] "iter         ELBO"
[1] "64:    226927.950286"
[1] "iter         ELBO"
[1] "65:    226928.610456"
[1] "iter         ELBO"
[1] "66:    226929.256392"
[1] "iter         ELBO"
[1] "67:    226929.897089"
[1] "iter         ELBO"
[1] "68:    226930.526474"
[1] "iter         ELBO"
[1] "69:    226931.146396"
[1] "iter         ELBO"
[1] "70:    226931.756926"
[1] "iter         ELBO"
[1] "71:    226932.358452"
[1] "iter         ELBO"
[1] "72:    226932.951495"
[1] "iter         ELBO"
[1] "73:    226933.536096"
[1] "iter         ELBO"
[1] "74:    226934.112558"
[1] "iter         ELBO"
[1] "75:    226934.681284"
[1] "iter         ELBO"
[1] "76:    226935.242305"
[1] "iter         ELBO"
[1] "77:    226935.796271"
[1] "iter         ELBO"
[1] "78:    226936.342978"
[1] "iter         ELBO"
[1] "79:    226936.883334"
[1] "iter         ELBO"
[1] "80:    226937.416776"
[1] "iter         ELBO"
[1] "81:    226937.943877"
[1] "iter         ELBO"
[1] "82:    226938.464495"
[1] "iter         ELBO"
[1] "83:    226938.978988"
[1] "iter         ELBO"
[1] "84:    226939.487471"
[1] "iter         ELBO"
[1] "85:    226939.989941"
[1] "iter         ELBO"
[1] "86:    226940.487137"
[1] "iter         ELBO"
[1] "87:    226940.978288"
[1] "iter         ELBO"
[1] "88:    226941.463668"
[1] "iter         ELBO"
[1] "89:    226941.943424"
[1] "iter         ELBO"
[1] "90:    226942.417763"
[1] "iter         ELBO"
[1] "91:    226942.886449"
[1] "iter         ELBO"
[1] "92:    226943.349792"
[1] "iter         ELBO"
[1] "93:    226943.808087"
[1] "iter         ELBO"
[1] "94:    226944.261432"
[1] "iter         ELBO"
[1] "95:    226944.710297"
[1] "iter         ELBO"
[1] "96:    226945.154837"
[1] "iter         ELBO"
[1] "97:    226945.595497"
[1] "iter         ELBO"
[1] "98:    226946.032496"
[1] "iter         ELBO"
[1] "99:    226946.466249"
[1] "iter         ELBO"
[1] "100:    226946.896804"
[1] "iter         ELBO"
[1] "101:    226947.324335"
[1] "iter         ELBO"
[1] "102:    226947.748885"
[1] "iter         ELBO"
[1] "103:    226948.170208"
[1] "iter         ELBO"
[1] "104:    226948.588205"
[1] "iter         ELBO"
[1] "105:    226949.002686"
[1] "iter         ELBO"
[1] "106:    226949.413326"
[1] "iter         ELBO"
[1] "107:    226949.819761"
[1] "iter         ELBO"
[1] "108:    226950.221871"
[1] "iter         ELBO"
[1] "109:    226950.619277"
[1] "iter         ELBO"
[1] "110:    226951.012037"
[1] "iter         ELBO"
[1] "111:    226951.399997"
[1] "iter         ELBO"
[1] "112:    226951.783306"
[1] "iter         ELBO"
[1] "113:    226952.162406"
[1] "iter         ELBO"
[1] "114:    226952.537701"
[1] "iter         ELBO"
[1] "115:    226952.909792"
[1] "iter         ELBO"
[1] "116:    226953.278812"
[1] "iter         ELBO"
[1] "117:    226953.644694"
[1] "iter         ELBO"
[1] "118:    226954.007047"
[1] "iter         ELBO"
[1] "119:    226954.365638"
[1] "iter         ELBO"
[1] "120:    226954.719942"
[1] "iter         ELBO"
[1] "121:    226955.069873"
[1] "iter         ELBO"
[1] "122:    226955.414854"
[1] "iter         ELBO"
[1] "123:    226955.754485"
[1] "iter         ELBO"
[1] "124:    226956.088694"
[1] "iter         ELBO"
[1] "125:    226956.417387"
[1] "iter         ELBO"
[1] "126:    226956.741538"
[1] "iter         ELBO"
[1] "127:    226957.062117"
[1] "iter         ELBO"
[1] "128:    226957.380140"
[1] "iter         ELBO"
[1] "129:    226957.696308"
[1] "iter         ELBO"
[1] "130:    226958.011139"
[1] "iter         ELBO"
[1] "131:    226958.324780"
[1] "iter         ELBO"
[1] "132:    226958.637169"
[1] "iter         ELBO"
[1] "133:    226958.949361"
[1] "iter         ELBO"
[1] "134:    226959.260788"
[1] "iter         ELBO"
[1] "135:    226959.571747"
[1] "iter         ELBO"
[1] "136:    226959.882634"
[1] "iter         ELBO"
[1] "137:    226960.193418"
[1] "iter         ELBO"
[1] "138:    226960.504403"
[1] "iter         ELBO"
[1] "139:    226960.815482"
[1] "iter         ELBO"
[1] "140:    226961.127024"
[1] "iter         ELBO"
[1] "141:    226961.438910"
[1] "iter         ELBO"
[1] "142:    226961.751543"
[1] "iter         ELBO"
[1] "143:    226962.065334"
[1] "iter         ELBO"
[1] "144:    226962.380641"
[1] "iter         ELBO"
[1] "145:    226962.697860"
[1] "iter         ELBO"
[1] "146:    226963.017539"
[1] "iter         ELBO"
[1] "147:    226963.340074"
[1] "iter         ELBO"
[1] "148:    226963.666077"
[1] "iter         ELBO"
[1] "149:    226963.995817"
[1] "iter         ELBO"
[1] "150:    226964.329508"
[1] "iter         ELBO"
[1] "151:    226964.666546"
[1] "iter         ELBO"
[1] "152:    226965.005498"
[1] "iter         ELBO"
[1] "153:    226965.344189"
[1] "iter         ELBO"
[1] "154:    226965.680015"
[1] "iter         ELBO"
[1] "155:    226966.012235"
[1] "iter         ELBO"
[1] "156:    226966.341946"
[1] "iter         ELBO"
[1] "157:    226966.669899"
[1] "iter         ELBO"
[1] "158:    226966.995034"
[1] "iter         ELBO"
[1] "159:    226967.314171"
[1] "iter         ELBO"
[1] "160:    226967.626434"
[1] "iter         ELBO"
[1] "161:    226967.934306"
[1] "iter         ELBO"
[1] "162:    226968.242313"
[1] "iter         ELBO"
[1] "163:    226968.553628"
[1] "iter         ELBO"
[1] "164:    226968.870084"
[1] "iter         ELBO"
[1] "165:    226969.193258"
[1] "iter         ELBO"
[1] "166:    226969.524284"
[1] "iter         ELBO"
[1] "167:    226969.864936"
[1] "iter         ELBO"
[1] "168:    226970.216785"
[1] "iter         ELBO"
[1] "169:    226970.582003"
[1] "iter         ELBO"
[1] "170:    226970.962085"
[1] "iter         ELBO"
[1] "171:    226971.358045"
[1] "iter         ELBO"
[1] "172:    226971.767112"
[1] "iter         ELBO"
[1] "173:    226972.182348"
[1] "iter         ELBO"
[1] "174:    226972.592164"
[1] "iter         ELBO"
[1] "175:    226972.989119"
[1] "iter         ELBO"
[1] "176:    226973.375973"
[1] "iter         ELBO"
[1] "177:    226973.762370"
[1] "iter         ELBO"
[1] "178:    226974.149585"
[1] "iter         ELBO"
[1] "179:    226974.525974"
[1] "iter         ELBO"
[1] "180:    226974.876205"
[1] "iter         ELBO"
[1] "181:    226975.198451"
[1] "iter         ELBO"
[1] "182:    226975.506794"
[1] "iter         ELBO"
[1] "183:    226975.817134"
[1] "iter         ELBO"
[1] "184:    226976.136697"
[1] "iter         ELBO"
[1] "185:    226976.468850"
[1] "iter         ELBO"
[1] "186:    226976.814072"
[1] "iter         ELBO"
[1] "187:    226977.168294"
[1] "iter         ELBO"
[1] "188:    226977.519425"
[1] "iter         ELBO"
[1] "189:    226977.852976"
[1] "iter         ELBO"
[1] "190:    226978.172655"
[1] "iter         ELBO"
[1] "191:    226978.495185"
[1] "iter         ELBO"
[1] "192:    226978.830569"
[1] "iter         ELBO"
[1] "193:    226979.182029"
[1] "iter         ELBO"
[1] "194:    226979.547943"
[1] "iter         ELBO"
[1] "195:    226979.916869"
[1] "iter         ELBO"
[1] "196:    226980.268544"
[1] "iter         ELBO"
[1] "197:    226980.599779"
[1] "iter         ELBO"
[1] "198:    226980.931079"
[1] "iter         ELBO"
[1] "199:    226981.277342"
[1] "iter         ELBO"
[1] "200:    226981.645175"
[1] "iter         ELBO"
[1] "201:    226982.040245"
[1] "iter         ELBO"
[1] "202:    226982.467543"
[1] "iter         ELBO"
[1] "203:    226982.926356"
[1] "iter         ELBO"
[1] "204:    226983.399995"
[1] "iter         ELBO"
[1] "205:    226983.862508"
[1] "iter         ELBO"
[1] "206:    226984.307023"
[1] "iter         ELBO"
[1] "207:    226984.731526"
[1] "iter         ELBO"
[1] "208:    226985.152300"
[1] "iter         ELBO"
[1] "209:    226985.583635"
[1] "iter         ELBO"
[1] "210:    226985.991748"
[1] "iter         ELBO"
[1] "211:    226986.338335"
[1] "iter         ELBO"
[1] "212:    226986.617297"
[1] "iter         ELBO"
[1] "213:    226986.859811"
[1] "iter         ELBO"
[1] "214:    226987.098682"
[1] "iter         ELBO"
[1] "215:    226987.341238"
[1] "iter         ELBO"
[1] "216:    226987.588475"
[1] "iter         ELBO"
[1] "217:    226987.841061"
[1] "iter         ELBO"
[1] "218:    226988.099884"
[1] "iter         ELBO"
[1] "219:    226988.366026"
[1] "iter         ELBO"
[1] "220:    226988.640796"
[1] "iter         ELBO"
[1] "221:    226988.925978"
[1] "iter         ELBO"
[1] "222:    226989.224043"
[1] "iter         ELBO"
[1] "223:    226989.538356"
[1] "iter         ELBO"
[1] "224:    226989.873462"
[1] "iter         ELBO"
[1] "225:    226990.235129"
[1] "iter         ELBO"
[1] "226:    226990.627811"
[1] "iter         ELBO"
[1] "227:    226991.042197"
[1] "iter         ELBO"
[1] "228:    226991.434673"
[1] "iter         ELBO"
[1] "229:    226991.776311"
[1] "iter         ELBO"
[1] "230:    226992.111778"
[1] "iter         ELBO"
[1] "231:    226992.470480"
[1] "iter         ELBO"
[1] "232:    226992.862972"
[1] "iter         ELBO"
[1] "233:    226993.299307"
[1] "iter         ELBO"
[1] "234:    226993.783718"
[1] "iter         ELBO"
[1] "235:    226994.289106"
[1] "iter         ELBO"
[1] "236:    226994.763280"
[1] "iter         ELBO"
[1] "237:    226995.219006"
[1] "iter         ELBO"
[1] "238:    226995.638806"
[1] "iter         ELBO"
[1] "239:    226996.009997"
[1] "iter         ELBO"
[1] "240:    226996.400517"
[1] "iter         ELBO"
[1] "241:    226996.840846"
[1] "iter         ELBO"
[1] "242:    226997.325105"
[1] "iter         ELBO"
[1] "243:    226997.788759"
[1] "iter         ELBO"
[1] "244:    226998.184619"
[1] "iter         ELBO"
[1] "245:    226998.498834"
[1] "iter         ELBO"
[1] "246:    226998.726451"
[1] "iter         ELBO"
[1] "247:    226998.938715"
[1] "iter         ELBO"
[1] "248:    226999.153255"
[1] "iter         ELBO"
[1] "249:    226999.370976"
[1] "iter         ELBO"
[1] "250:    226999.592155"
[1] "iter         ELBO"
[1] "251:    226999.816928"
[1] "iter         ELBO"
[1] "252:    227000.045368"
[1] "iter         ELBO"
[1] "253:    227000.277506"
[1] "iter         ELBO"
[1] "254:    227000.513229"
[1] "iter         ELBO"
[1] "255:    227000.752393"
[1] "iter         ELBO"
[1] "256:    227000.994781"
[1] "iter         ELBO"
[1] "257:    227001.240296"
[1] "iter         ELBO"
[1] "258:    227001.489105"
[1] "iter         ELBO"
[1] "259:    227001.741606"
[1] "iter         ELBO"
[1] "260:    227001.998485"
[1] "iter         ELBO"
[1] "261:    227002.260504"
[1] "iter         ELBO"
[1] "262:    227002.528511"
[1] "iter         ELBO"
[1] "263:    227002.803330"
[1] "iter         ELBO"
[1] "264:    227003.086085"
[1] "iter         ELBO"
[1] "265:    227003.378338"
[1] "iter         ELBO"
[1] "266:    227003.682602"
[1] "iter         ELBO"
[1] "267:    227004.003100"
[1] "iter         ELBO"
[1] "268:    227004.346871"
[1] "iter         ELBO"
[1] "269:    227004.723940"
[1] "iter         ELBO"
[1] "270:    227005.137960"
[1] "iter         ELBO"
[1] "271:    227005.539428"
[1] "iter         ELBO"
[1] "272:    227005.834903"
[1] "iter         ELBO"
[1] "273:    227006.081244"
[1] "iter         ELBO"
[1] "274:    227006.332149"
[1] "iter         ELBO"
[1] "275:    227006.593074"
[1] "iter         ELBO"
[1] "276:    227006.865948"
[1] "iter         ELBO"
[1] "277:    227007.152744"
[1] "iter         ELBO"
[1] "278:    227007.455796"
[1] "iter         ELBO"
[1] "279:    227007.778174"
[1] "iter         ELBO"
[1] "280:    227008.124866"
[1] "iter         ELBO"
[1] "281:    227008.504525"
[1] "iter         ELBO"
[1] "282:    227008.929782"
[1] "iter         ELBO"
[1] "283:    227009.398974"
[1] "iter         ELBO"
[1] "284:    227009.831815"
[1] "iter         ELBO"
[1] "285:    227010.170467"
[1] "iter         ELBO"
[1] "286:    227010.521469"
[1] "iter         ELBO"
[1] "287:    227010.915148"
[1] "iter         ELBO"
[1] "288:    227011.271840"
[1] "iter         ELBO"
[1] "289:    227011.499516"
[1] "iter         ELBO"
[1] "290:    227011.693796"
[1] "iter         ELBO"
[1] "291:    227011.890764"
[1] "iter         ELBO"
[1] "292:    227012.091869"
[1] "iter         ELBO"
[1] "293:    227012.297531"
[1] "iter         ELBO"
[1] "294:    227012.508298"
[1] "iter         ELBO"
[1] "295:    227012.724772"
[1] "iter         ELBO"
[1] "296:    227012.947709"
[1] "iter         ELBO"
[1] "297:    227013.177949"
[1] "iter         ELBO"
[1] "298:    227013.416509"
[1] "iter         ELBO"
[1] "299:    227013.664648"
[1] "iter         ELBO"
[1] "300:    227013.923952"
[1] "iter         ELBO"
[1] "301:    227014.196312"
[1] "iter         ELBO"
[1] "302:    227014.484208"
[1] "iter         ELBO"
[1] "303:    227014.790696"
[1] "iter         ELBO"
[1] "304:    227015.119794"
[1] "iter         ELBO"
[1] "305:    227015.476673"
[1] "iter         ELBO"
[1] "306:    227015.868343"
[1] "iter         ELBO"
[1] "307:    227016.304326"
[1] "iter         ELBO"
[1] "308:    227016.791637"
[1] "iter         ELBO"
[1] "309:    227017.283926"
[1] "iter         ELBO"
[1] "310:    227017.638376"
[1] "iter         ELBO"
[1] "311:    227017.907024"
[1] "iter         ELBO"
[1] "312:    227018.175618"
[1] "iter         ELBO"
[1] "313:    227018.456617"
[1] "iter         ELBO"
[1] "314:    227018.756965"
[1] "iter         ELBO"
[1] "315:    227019.084074"
[1] "iter         ELBO"
[1] "316:    227019.448556"
[1] "iter         ELBO"
[1] "317:    227019.867563"
[1] "iter         ELBO"
[1] "318:    227020.369340"
[1] "iter         ELBO"
[1] "319:    227020.989638"
[1] "iter         ELBO"
[1] "320:    227021.685944"
[1] "iter         ELBO"
[1] "321:    227022.146776"
[1] "iter         ELBO"
[1] "322:    227022.374668"
[1] "iter         ELBO"
[1] "323:    227022.589377"
[1] "iter         ELBO"
[1] "324:    227022.808785"
[1] "iter         ELBO"
[1] "325:    227023.033286"
[1] "iter         ELBO"
[1] "326:    227023.263338"
[1] "iter         ELBO"
[1] "327:    227023.499506"
[1] "iter         ELBO"
[1] "328:    227023.742626"
[1] "iter         ELBO"
[1] "329:    227023.993739"
[1] "iter         ELBO"
[1] "330:    227024.254036"
[1] "iter         ELBO"
[1] "331:    227024.524177"
[1] "iter         ELBO"
[1] "332:    227024.802877"
[1] "iter         ELBO"
[1] "333:    227025.084349"
[1] "iter         ELBO"
[1] "334:    227025.356711"
[1] "iter         ELBO"
[1] "335:    227025.606693"
[1] "iter         ELBO"
[1] "336:    227025.829435"
[1] "iter         ELBO"
[1] "337:    227026.032268"
[1] "iter         ELBO"
[1] "338:    227026.227552"
[1] "iter         ELBO"
[1] "339:    227026.423088"
[1] "iter         ELBO"
[1] "340:    227026.621757"
[1] "iter         ELBO"
[1] "341:    227026.824840"
[1] "iter         ELBO"
[1] "342:    227027.033490"
[1] "iter         ELBO"
[1] "343:    227027.249175"
[1] "iter         ELBO"
[1] "344:    227027.473467"
[1] "iter         ELBO"
[1] "345:    227027.708382"
[1] "iter         ELBO"
[1] "346:    227027.956562"
[1] "iter         ELBO"
[1] "347:    227028.222088"
[1] "iter         ELBO"
[1] "348:    227028.511849"
[1] "iter         ELBO"
[1] "349:    227028.837653"
[1] "iter         ELBO"
[1] "350:    227029.218665"
[1] "iter         ELBO"
[1] "351:    227029.673414"
[1] "iter         ELBO"
[1] "352:    227030.135021"
[1] "iter         ELBO"
[1] "353:    227030.408416"
[1] "iter         ELBO"
[1] "354:    227030.588104"
[1] "iter         ELBO"
[1] "355:    227030.748111"
[1] "iter         ELBO"
[1] "356:    227030.901723"
[1] "iter         ELBO"
[1] "357:    227031.055460"
[1] "iter         ELBO"
[1] "358:    227031.210986"
[1] "iter         ELBO"
[1] "359:    227031.368681"
[1] "iter         ELBO"
[1] "360:    227031.528732"
[1] "iter         ELBO"
[1] "361:    227031.691316"
[1] "iter         ELBO"
[1] "362:    227031.856623"
[1] "iter         ELBO"
[1] "363:    227032.024861"
[1] "iter         ELBO"
[1] "364:    227032.196260"
[1] "iter         ELBO"
[1] "365:    227032.371075"
[1] "iter         ELBO"
[1] "366:    227032.549590"
[1] "iter         ELBO"
[1] "367:    227032.732124"
[1] "iter         ELBO"
[1] "368:    227032.919030"
[1] "iter         ELBO"
[1] "369:    227033.110708"
[1] "iter         ELBO"
[1] "370:    227033.307605"
[1] "iter         ELBO"
[1] "371:    227033.510217"
[1] "iter         ELBO"
[1] "372:    227033.719091"
[1] "iter         ELBO"
[1] "373:    227033.934803"
[1] "iter         ELBO"
[1] "374:    227034.157931"
[1] "iter         ELBO"
[1] "375:    227034.388973"
[1] "iter         ELBO"
[1] "376:    227034.628219"
[1] "iter         ELBO"
[1] "377:    227034.875536"
[1] "iter         ELBO"
[1] "378:    227035.130186"
[1] "iter         ELBO"
[1] "379:    227035.390881"
[1] "iter         ELBO"
[1] "380:    227035.656512"
[1] "iter         ELBO"
[1] "381:    227035.927354"
[1] "iter         ELBO"
[1] "382:    227036.205516"
[1] "iter         ELBO"
[1] "383:    227036.493692"
[1] "iter         ELBO"
[1] "384:    227036.793358"
[1] "iter         ELBO"
[1] "385:    227037.103959"
[1] "iter         ELBO"
[1] "386:    227037.423322"
[1] "iter         ELBO"
[1] "387:    227037.749444"
[1] "iter         ELBO"
[1] "388:    227038.081979"
[1] "iter         ELBO"
[1] "389:    227038.421956"
[1] "iter         ELBO"
[1] "390:    227038.768125"
[1] "iter         ELBO"
[1] "391:    227039.110373"
[1] "iter         ELBO"
[1] "392:    227039.433617"
[1] "iter         ELBO"
[1] "393:    227039.744299"
[1] "iter         ELBO"
[1] "394:    227040.064775"
[1] "iter         ELBO"
[1] "395:    227040.407860"
[1] "iter         ELBO"
[1] "396:    227040.780757"
[1] "iter         ELBO"
[1] "397:    227041.191783"
[1] "iter         ELBO"
[1] "398:    227041.653074"
[1] "iter         ELBO"
[1] "399:    227042.183419"
[1] "iter         ELBO"
[1] "400:    227042.809765"
[1] "iter         ELBO"
[1] "401:    227043.532211"
[1] "iter         ELBO"
[1] "402:    227044.174863"
[1] "iter         ELBO"
[1] "403:    227044.692720"
[1] "iter         ELBO"
[1] "404:    227045.225233"
[1] "iter         ELBO"
[1] "405:    227045.737224"
[1] "iter         ELBO"
[1] "406:    227046.193877"
[1] "iter         ELBO"
[1] "407:    227046.615346"
[1] "iter         ELBO"
[1] "408:    227047.016443"
[1] "iter         ELBO"
[1] "409:    227047.437310"
[1] "iter         ELBO"
[1] "410:    227047.926845"
[1] "iter         ELBO"
[1] "411:    227048.508091"
[1] "iter         ELBO"
[1] "412:    227049.058731"
[1] "iter         ELBO"
[1] "413:    227049.395324"
[1] "iter         ELBO"
[1] "414:    227049.698768"
[1] "iter         ELBO"
[1] "415:    227050.022254"
[1] "iter         ELBO"
[1] "416:    227050.379769"
[1] "iter         ELBO"
[1] "417:    227050.788663"
[1] "iter         ELBO"
[1] "418:    227051.276643"
[1] "iter         ELBO"
[1] "419:    227051.872561"
[1] "iter         ELBO"
[1] "420:    227052.468803"
[1] "iter         ELBO"
[1] "421:    227052.866969"
[1] "iter         ELBO"
[1] "422:    227053.256204"
[1] "iter         ELBO"
[1] "423:    227053.686246"
[1] "iter         ELBO"
[1] "424:    227054.147111"
[1] "iter         ELBO"
[1] "425:    227054.595835"
[1] "iter         ELBO"
[1] "426:    227055.000503"
[1] "iter         ELBO"
[1] "427:    227055.391751"
[1] "iter         ELBO"
[1] "428:    227055.801776"
[1] "iter         ELBO"
[1] "429:    227056.256766"
[1] "iter         ELBO"
[1] "430:    227056.781310"
[1] "iter         ELBO"
[1] "431:    227057.400691"
[1] "iter         ELBO"
[1] "432:    227058.135263"
[1] "iter         ELBO"
[1] "433:    227058.961655"
[1] "iter         ELBO"
[1] "434:    227059.714571"
[1] "iter         ELBO"
[1] "435:    227060.123851"
[1] "iter         ELBO"
[1] "436:    227060.419277"
[1] "iter         ELBO"
[1] "437:    227060.720577"
[1] "iter         ELBO"
[1] "438:    227061.017250"
[1] "iter         ELBO"
[1] "439:    227061.297045"
[1] "iter         ELBO"
[1] "440:    227061.573072"
[1] "iter         ELBO"
[1] "441:    227061.863964"
[1] "iter         ELBO"
[1] "442:    227062.174590"
[1] "iter         ELBO"
[1] "443:    227062.495825"
[1] "iter         ELBO"
[1] "444:    227062.805804"
[1] "iter         ELBO"
[1] "445:    227063.096801"
[1] "iter         ELBO"
[1] "446:    227063.391612"
[1] "iter         ELBO"
[1] "447:    227063.709275"
[1] "iter         ELBO"
[1] "448:    227064.057850"
[1] "iter         ELBO"
[1] "449:    227064.439609"
[1] "iter         ELBO"
[1] "450:    227064.844313"
[1] "iter         ELBO"
[1] "451:    227065.247631"
[1] "iter         ELBO"
[1] "452:    227065.648985"
[1] "iter         ELBO"
[1] "453:    227066.070490"
[1] "iter         ELBO"
[1] "454:    227066.498135"
[1] "iter         ELBO"
[1] "455:    227066.903185"
[1] "iter         ELBO"
[1] "456:    227067.280092"
[1] "iter         ELBO"
[1] "457:    227067.626955"
[1] "iter         ELBO"
[1] "458:    227067.976785"
[1] "iter         ELBO"
[1] "459:    227068.344454"
[1] "iter         ELBO"
[1] "460:    227068.696320"
[1] "iter         ELBO"
[1] "461:    227069.010266"
[1] "iter         ELBO"
[1] "462:    227069.325902"
[1] "iter         ELBO"
[1] "463:    227069.672639"
[1] "iter         ELBO"
[1] "464:    227070.063294"
[1] "iter         ELBO"
[1] "465:    227070.506351"
[1] "iter         ELBO"
[1] "466:    227070.984258"
[1] "iter         ELBO"
[1] "467:    227071.429483"
[1] "iter         ELBO"
[1] "468:    227071.846474"
[1] "iter         ELBO"
[1] "469:    227072.301376"
[1] "iter         ELBO"
[1] "470:    227072.788065"
[1] "iter         ELBO"
[1] "471:    227073.261693"
[1] "iter         ELBO"
[1] "472:    227073.734808"
[1] "iter         ELBO"
[1] "473:    227074.222437"
[1] "iter         ELBO"
[1] "474:    227074.691762"
[1] "iter         ELBO"
[1] "475:    227075.186117"
[1] "iter         ELBO"
[1] "476:    227075.725467"
[1] "iter         ELBO"
[1] "477:    227076.243102"
[1] "iter         ELBO"
[1] "478:    227076.768871"
[1] "iter         ELBO"
[1] "479:    227077.362155"
[1] "iter         ELBO"
[1] "480:    227077.945912"
[1] "iter         ELBO"
[1] "481:    227078.420279"
[1] "iter         ELBO"
[1] "482:    227078.893675"
[1] "iter         ELBO"
[1] "483:    227079.492174"
[1] "iter         ELBO"
[1] "484:    227080.113338"
[1] "iter         ELBO"
[1] "485:    227080.544135"
[1] "iter         ELBO"
[1] "486:    227081.018213"
[1] "iter         ELBO"
[1] "487:    227081.558703"
[1] "iter         ELBO"
[1] "488:    227081.978640"
[1] "iter         ELBO"
[1] "489:    227082.180393"
[1] "iter         ELBO"
[1] "490:    227082.345290"
[1] "iter         ELBO"
[1] "491:    227082.518048"
[1] "iter         ELBO"
[1] "492:    227082.701471"
[1] "iter         ELBO"
[1] "493:    227082.897923"
[1] "iter         ELBO"
[1] "494:    227083.110641"
[1] "iter         ELBO"
[1] "495:    227083.344204"
[1] "iter         ELBO"
[1] "496:    227083.605246"
[1] "iter         ELBO"
[1] "497:    227083.903198"
[1] "iter         ELBO"
[1] "498:    227084.248907"
[1] "iter         ELBO"
[1] "499:    227084.640029"
[1] "iter         ELBO"
[1] "500:    227085.020759"
[1] "iter         ELBO"
[1] "501:    227085.346067"
[1] "iter         ELBO"
[1] "502:    227085.694877"
[1] "iter         ELBO"
[1] "503:    227086.118480"
[1] "iter         ELBO"
[1] "504:    227086.622264"
[1] "iter         ELBO"
[1] "505:    227087.097569"
[1] "iter         ELBO"
[1] "506:    227087.360787"
[1] "iter         ELBO"
[1] "507:    227087.521401"
[1] "iter         ELBO"
[1] "508:    227087.685519"
[1] "iter         ELBO"
[1] "509:    227087.862404"
[1] "iter         ELBO"
[1] "510:    227088.056248"
[1] "iter         ELBO"
[1] "511:    227088.273630"
[1] "iter         ELBO"
[1] "512:    227088.525894"
[1] "iter         ELBO"
[1] "513:    227088.833961"
[1] "iter         ELBO"
[1] "514:    227089.235165"
[1] "iter         ELBO"
[1] "515:    227089.744346"
[1] "iter         ELBO"
[1] "516:    227090.107509"
[1] "iter         ELBO"
[1] "517:    227090.278114"
[1] "iter         ELBO"
[1] "518:    227090.454259"
[1] "iter         ELBO"
[1] "519:    227090.647611"
[1] "iter         ELBO"
[1] "520:    227090.864252"
[1] "iter         ELBO"
[1] "521:    227091.113350"
[1] "iter         ELBO"
[1] "522:    227091.406794"
[1] "iter         ELBO"
[1] "523:    227091.745824"
[1] "iter         ELBO"
[1] "524:    227092.067714"
[1] "iter         ELBO"
[1] "525:    227092.292928"
[1] "iter         ELBO"
[1] "526:    227092.501765"
[1] "iter         ELBO"
[1] "527:    227092.745602"
[1] "iter         ELBO"
[1] "528:    227093.042819"
[1] "iter         ELBO"
[1] "529:    227093.389618"
[1] "iter         ELBO"
[1] "530:    227093.667924"
[1] "iter         ELBO"
[1] "531:    227093.810123"
[1] "iter         ELBO"
[1] "532:    227093.935521"
[1] "iter         ELBO"
[1] "533:    227094.066348"
[1] "iter         ELBO"
[1] "534:    227094.203983"
[1] "iter         ELBO"
[1] "535:    227094.349962"
[1] "iter         ELBO"
[1] "536:    227094.506486"
[1] "iter         ELBO"
[1] "537:    227094.676816"
[1] "iter         ELBO"
[1] "538:    227094.866067"
[1] "iter         ELBO"
[1] "539:    227095.082602"
[1] "iter         ELBO"
[1] "540:    227095.340267"
[1] "iter         ELBO"
[1] "541:    227095.657644"
[1] "iter         ELBO"
[1] "542:    227096.021525"
[1] "iter         ELBO"
[1] "543:    227096.283067"
[1] "iter         ELBO"
[1] "544:    227096.418799"
[1] "iter         ELBO"
[1] "545:    227096.546367"
[1] "iter         ELBO"
[1] "546:    227096.677493"
[1] "iter         ELBO"
[1] "547:    227096.812528"
[1] "iter         ELBO"
[1] "548:    227096.951779"
[1] "iter         ELBO"
[1] "549:    227097.095586"
[1] "iter         ELBO"
[1] "550:    227097.244334"
[1] "iter         ELBO"
[1] "551:    227097.398455"
[1] "iter         ELBO"
[1] "552:    227097.558437"
[1] "iter         ELBO"
[1] "553:    227097.724841"
[1] "iter         ELBO"
[1] "554:    227097.898308"
[1] "iter         ELBO"
[1] "555:    227098.079586"
[1] "iter         ELBO"
[1] "556:    227098.269549"
[1] "iter         ELBO"
[1] "557:    227098.469236"
[1] "iter         ELBO"
[1] "558:    227098.679895"
[1] "iter         ELBO"
[1] "559:    227098.903049"
[1] "iter         ELBO"
[1] "560:    227099.140596"
[1] "iter         ELBO"
[1] "561:    227099.394951"
[1] "iter         ELBO"
[1] "562:    227099.669277"
[1] "iter         ELBO"
[1] "563:    227099.967865"
[1] "iter         ELBO"
[1] "564:    227100.296787"
[1] "iter         ELBO"
[1] "565:    227100.665095"
[1] "iter         ELBO"
[1] "566:    227101.087025"
[1] "iter         ELBO"
[1] "567:    227101.585375"
[1] "iter         ELBO"
[1] "568:    227102.188318"
[1] "iter         ELBO"
[1] "569:    227102.860272"
[1] "iter         ELBO"
[1] "570:    227103.426765"
[1] "iter         ELBO"
[1] "571:    227103.992190"
[1] "iter         ELBO"
[1] "572:    227104.672782"
[1] "iter         ELBO"
[1] "573:    227105.457021"
[1] "iter         ELBO"
[1] "574:    227106.250684"
[1] "iter         ELBO"
[1] "575:    227107.049795"
[1] "iter         ELBO"
[1] "576:    227107.773778"
[1] "iter         ELBO"
[1] "577:    227108.630633"
[1] "iter         ELBO"
[1] "578:    227109.761096"
[1] "iter         ELBO"
[1] "579:    227110.961591"
[1] "iter         ELBO"
[1] "580:    227111.860736"
[1] "iter         ELBO"
[1] "581:    227112.898165"
[1] "iter         ELBO"
[1] "582:    227113.933486"
[1] "iter         ELBO"
[1] "583:    227114.642054"
[1] "iter         ELBO"
[1] "584:    227115.287625"
[1] "iter         ELBO"
[1] "585:    227115.885785"
[1] "iter         ELBO"
[1] "586:    227116.255415"
[1] "iter         ELBO"
[1] "587:    227116.470072"
[1] "iter         ELBO"
[1] "588:    227116.718000"
[1] "iter         ELBO"
[1] "589:    227117.029649"
[1] "iter         ELBO"
[1] "590:    227117.402831"
[1] "iter         ELBO"
[1] "591:    227117.690417"
[1] "iter         ELBO"
[1] "592:    227117.832423"
[1] "iter         ELBO"
[1] "593:    227117.966761"
[1] "iter         ELBO"
[1] "594:    227118.111535"
[1] "iter         ELBO"
[1] "595:    227118.269497"
[1] "iter         ELBO"
[1] "596:    227118.444528"
[1] "iter         ELBO"
[1] "597:    227118.642669"
[1] "iter         ELBO"
[1] "598:    227118.873937"
[1] "iter         ELBO"
[1] "599:    227119.156098"
[1] "iter         ELBO"
[1] "600:    227119.520216"
[1] "iter         ELBO"
[1] "601:    227119.990135"
[1] "iter         ELBO"
[1] "602:    227120.395567"
[1] "iter         ELBO"
[1] "603:    227120.595157"
[1] "iter         ELBO"
[1] "604:    227120.795248"
[1] "iter         ELBO"
[1] "605:    227121.026314"
[1] "iter         ELBO"
[1] "606:    227121.303150"
[1] "iter         ELBO"
[1] "607:    227121.649501"
[1] "iter         ELBO"
[1] "608:    227122.081401"
[1] "iter         ELBO"
[1] "609:    227122.482959"
[1] "iter         ELBO"
[1] "610:    227122.721003"
[1] "iter         ELBO"
[1] "611:    227122.962929"
[1] "iter         ELBO"
[1] "612:    227123.261414"
[1] "iter         ELBO"
[1] "613:    227123.643440"
[1] "iter         ELBO"
[1] "614:    227124.075056"
[1] "iter         ELBO"
[1] "615:    227124.342466"
[1] "iter         ELBO"
[1] "616:    227124.517799"
[1] "iter         ELBO"
[1] "617:    227124.709599"
[1] "iter         ELBO"
[1] "618:    227124.926297"
[1] "iter         ELBO"
[1] "619:    227125.176141"
[1] "iter         ELBO"
[1] "620:    227125.472112"
[1] "iter         ELBO"
[1] "621:    227125.836003"
[1] "iter         ELBO"
[1] "622:    227126.306584"
[1] "iter         ELBO"
[1] "623:    227126.950082"
[1] "iter         ELBO"
[1] "624:    227127.800974"
[1] "iter         ELBO"
[1] "625:    227128.475340"
[1] "iter         ELBO"
[1] "626:    227128.832826"
[1] "iter         ELBO"
[1] "627:    227129.284467"
[1] "iter         ELBO"
[1] "628:    227129.731524"
[1] "iter         ELBO"
[1] "629:    227129.929192"
[1] "iter         ELBO"
[1] "630:    227130.114134"
[1] "iter         ELBO"
[1] "631:    227130.346697"
[1] "iter         ELBO"
[1] "632:    227130.656127"
[1] "iter         ELBO"
[1] "633:    227131.056899"
[1] "iter         ELBO"
[1] "634:    227131.369349"
[1] "iter         ELBO"
[1] "635:    227131.492420"
[1] "iter         ELBO"
[1] "636:    227131.616205"
[1] "iter         ELBO"
[1] "637:    227131.766952"
[1] "iter         ELBO"
[1] "638:    227131.961860"
[1] "iter         ELBO"
[1] "639:    227132.234491"
[1] "iter         ELBO"
[1] "640:    227132.632000"
[1] "iter         ELBO"
[1] "641:    227133.019192"
[1] "iter         ELBO"
[1] "642:    227133.101646"
[1] "iter         ELBO"
[1] "643:    227133.140345"
[1] "iter         ELBO"
[1] "644:    227133.179488"
[1] "iter         ELBO"
[1] "645:    227133.219161"
[1] "iter         ELBO"
[1] "646:    227133.259413"
[1] "iter         ELBO"
[1] "647:    227133.300296"
[1] "iter         ELBO"
[1] "648:    227133.341868"
[1] "iter         ELBO"
[1] "649:    227133.384193"
[1] "iter         ELBO"
[1] "650:    227133.427340"
[1] "iter         ELBO"
[1] "651:    227133.471388"
[1] "iter         ELBO"
[1] "652:    227133.516427"
[1] "iter         ELBO"
[1] "653:    227133.562555"
[1] "iter         ELBO"
[1] "654:    227133.609890"
[1] "iter         ELBO"
[1] "655:    227133.658564"
[1] "iter         ELBO"
[1] "656:    227133.708732"
[1] "iter         ELBO"
[1] "657:    227133.760578"
[1] "iter         ELBO"
[1] "658:    227133.814319"
[1] "iter         ELBO"
[1] "659:    227133.870217"
[1] "iter         ELBO"
[1] "660:    227133.928592"
[1] "iter         ELBO"
[1] "661:    227133.989841"
[1] "iter         ELBO"
[1] "662:    227134.054464"
[1] "iter         ELBO"
[1] "663:    227134.123105"
[1] "iter         ELBO"
[1] "664:    227134.196612"
[1] "iter         ELBO"
[1] "665:    227134.276135"
[1] "iter         ELBO"
[1] "666:    227134.363283"
[1] "iter         ELBO"
[1] "667:    227134.460388"
[1] "iter         ELBO"
[1] "668:    227134.571033"
[1] "iter         ELBO"
[1] "669:    227134.700992"
[1] "iter         ELBO"
[1] "670:    227134.860238"
[1] "iter         ELBO"
[1] "671:    227135.066985"
[1] "iter         ELBO"
[1] "672:    227135.352805"
[1] "iter         ELBO"
[1] "673:    227135.729851"
[1] "iter         ELBO"
[1] "674:    227135.986633"
[1] "iter         ELBO"
[1] "675:    227136.046990"
[1] "iter         ELBO"
[1] "676:    227136.096936"
[1] "iter         ELBO"
[1] "677:    227136.148327"
[1] "iter         ELBO"
[1] "678:    227136.201343"
[1] "iter         ELBO"
[1] "679:    227136.256182"
[1] "iter         ELBO"
[1] "680:    227136.313077"
[1] "iter         ELBO"
[1] "681:    227136.372306"
[1] "iter         ELBO"
[1] "682:    227136.434207"
[1] "iter         ELBO"
[1] "683:    227136.499197"
[1] "iter         ELBO"
[1] "684:    227136.567802"
[1] "iter         ELBO"
[1] "685:    227136.640705"
[1] "iter         ELBO"
[1] "686:    227136.718797"
[1] "iter         ELBO"
[1] "687:    227136.803295"
[1] "iter         ELBO"
[1] "688:    227136.895904"
[1] "iter         ELBO"
[1] "689:    227136.999131"
[1] "iter         ELBO"
[1] "690:    227137.116832"
[1] "iter         ELBO"
[1] "691:    227137.255351"
[1] "iter         ELBO"
[1] "692:    227137.425879"
[1] "iter         ELBO"
[1] "693:    227137.649668"
[1] "iter         ELBO"
[1] "694:    227137.966156"
[1] "iter         ELBO"
[1] "695:    227138.395229"
[1] "iter         ELBO"
[1] "696:    227138.664194"
[1] "iter         ELBO"
[1] "697:    227138.718775"
[1] "iter         ELBO"
[1] "698:    227138.767446"
[1] "iter         ELBO"
[1] "699:    227138.817424"
[1] "iter         ELBO"
[1] "700:    227138.868822"
[1] "iter         ELBO"
[1] "701:    227138.921768"
[1] "iter         ELBO"
[1] "702:    227138.976403"
[1] "iter         ELBO"
[1] "703:    227139.032891"
[1] "iter         ELBO"
[1] "704:    227139.091419"
[1] "iter         ELBO"
[1] "705:    227139.152204"
[1] "iter         ELBO"
[1] "706:    227139.215501"
[1] "iter         ELBO"
[1] "707:    227139.281610"
[1] "iter         ELBO"
[1] "708:    227139.350893"
[1] "iter         ELBO"
[1] "709:    227139.423783"
[1] "iter         ELBO"
[1] "710:    227139.500813"
[1] "iter         ELBO"
[1] "711:    227139.582652"
[1] "iter         ELBO"
[1] "712:    227139.670147"
[1] "iter         ELBO"
[1] "713:    227139.764406"
[1] "iter         ELBO"
[1] "714:    227139.866904"
[1] "iter         ELBO"
[1] "715:    227139.979685"
[1] "iter         ELBO"
[1] "716:    227140.105684"
[1] "iter         ELBO"
[1] "717:    227140.249338"
[1] "iter         ELBO"
[1] "718:    227140.417783"
[1] "iter         ELBO"
[1] "719:    227140.623301"
[1] "iter         ELBO"
[1] "720:    227140.888375"
[1] "iter         ELBO"
[1] "721:    227141.251049"
[1] "iter         ELBO"
[1] "722:    227141.709056"
[1] "iter         ELBO"
[1] "723:    227141.993009"
[1] "iter         ELBO"
[1] "724:    227142.135947"
[1] "iter         ELBO"
[1] "725:    227142.309593"
[1] "iter         ELBO"
[1] "726:    227142.542024"
[1] "iter         ELBO"
[1] "727:    227142.878012"
[1] "iter         ELBO"
[1] "728:    227143.326229"
[1] "iter         ELBO"
[1] "729:    227143.560298"
[1] "iter         ELBO"
[1] "730:    227143.611415"
[1] "iter         ELBO"
[1] "731:    227143.660768"
[1] "iter         ELBO"
[1] "732:    227143.711333"
[1] "iter         ELBO"
[1] "733:    227143.763199"
[1] "iter         ELBO"
[1] "734:    227143.816468"
[1] "iter         ELBO"
[1] "735:    227143.871245"
[1] "iter         ELBO"
[1] "736:    227143.927650"
[1] "iter         ELBO"
[1] "737:    227143.985813"
[1] "iter         ELBO"
[1] "738:    227144.045882"
[1] "iter         ELBO"
[1] "739:    227144.108020"
[1] "iter         ELBO"
[1] "740:    227144.172416"
[1] "iter         ELBO"
[1] "741:    227144.239280"
[1] "iter         ELBO"
[1] "742:    227144.308857"
[1] "iter         ELBO"
[1] "743:    227144.381429"
[1] "iter         ELBO"
[1] "744:    227144.457327"
[1] "iter         ELBO"
[1] "745:    227144.536939"
[1] "iter         ELBO"
[1] "746:    227144.620727"
[1] "iter         ELBO"
[1] "747:    227144.709251"
[1] "iter         ELBO"
[1] "748:    227144.803194"
[1] "iter         ELBO"
[1] "749:    227144.903401"
[1] "iter         ELBO"
[1] "750:    227145.010943"
[1] "iter         ELBO"
[1] "751:    227145.127202"
[1] "iter         ELBO"
[1] "752:    227145.254003"
[1] "iter         ELBO"
[1] "753:    227145.393834"
[1] "iter         ELBO"
[1] "754:    227145.550190"
[1] "iter         ELBO"
[1] "755:    227145.728231"
[1] "iter         ELBO"
[1] "756:    227145.935936"
[1] "iter         ELBO"
[1] "757:    227146.186536"
[1] "iter         ELBO"
[1] "758:    227146.503724"
[1] "iter         ELBO"
[1] "759:    227146.933409"
[1] "iter         ELBO"
[1] "760:    227147.561075"
[1] "iter         ELBO"
[1] "761:    227148.405375"
[1] "iter         ELBO"
[1] "762:    227148.986534"
[1] "iter         ELBO"
[1] "763:    227149.127892"
[1] "iter         ELBO"
[1] "764:    227149.204177"
[1] "iter         ELBO"
[1] "765:    227149.283756"
[1] "iter         ELBO"
[1] "766:    227149.367083"
[1] "iter         ELBO"
[1] "767:    227149.454592"
[1] "iter         ELBO"
[1] "768:    227149.546796"
[1] "iter         ELBO"
[1] "769:    227149.644303"
[1] "iter         ELBO"
[1] "770:    227149.747843"
[1] "iter         ELBO"
[1] "771:    227149.858313"
[1] "iter         ELBO"
[1] "772:    227149.976822"
[1] "iter         ELBO"
[1] "773:    227150.104777"
[1] "iter         ELBO"
[1] "774:    227150.243990"
[1] "iter         ELBO"
[1] "775:    227150.396869"
[1] "iter         ELBO"
[1] "776:    227150.566705"
[1] "iter         ELBO"
[1] "777:    227150.758192"
[1] "iter         ELBO"
[1] "778:    227150.978329"
[1] "iter         ELBO"
[1] "779:    227151.238229"
[1] "iter         ELBO"
[1] "780:    227151.556944"
[1] "iter         ELBO"
[1] "781:    227151.970139"
[1] "iter         ELBO"
[1] "782:    227152.547947"
[1] "iter         ELBO"
[1] "783:    227153.376731"
[1] "iter         ELBO"
[1] "784:    227154.200649"
[1] "iter         ELBO"
[1] "785:    227154.693421"
[1] "iter         ELBO"
[1] "786:    227154.884942"
[1] "iter         ELBO"
[1] "787:    227155.096086"
[1] "iter         ELBO"
[1] "788:    227155.363115"
[1] "iter         ELBO"
[1] "789:    227155.722611"
[1] "iter         ELBO"
[1] "790:    227156.229255"
[1] "iter         ELBO"
[1] "791:    227156.809429"
[1] "iter         ELBO"
[1] "792:    227157.222729"
[1] "iter         ELBO"
[1] "793:    227157.698509"
[1] "iter         ELBO"
[1] "794:    227157.911038"
[1] "iter         ELBO"
[1] "795:    227157.946048"
[1] "iter         ELBO"
[1] "796:    227157.980247"
[1] "iter         ELBO"
[1] "797:    227158.015072"
[1] "iter         ELBO"
[1] "798:    227158.050577"
[1] "iter         ELBO"
[1] "799:    227158.086817"
[1] "iter         ELBO"
[1] "800:    227158.123854"
[1] "iter         ELBO"
[1] "801:    227158.161752"
[1] "iter         ELBO"
[1] "802:    227158.200584"
[1] "iter         ELBO"
[1] "803:    227158.240428"
[1] "iter         ELBO"
[1] "804:    227158.281374"
[1] "iter         ELBO"
[1] "805:    227158.323519"
[1] "iter         ELBO"
[1] "806:    227158.366977"
[1] "iter         ELBO"
[1] "807:    227158.411874"
[1] "iter         ELBO"
[1] "808:    227158.458357"
[1] "iter         ELBO"
[1] "809:    227158.506595"
[1] "iter         ELBO"
[1] "810:    227158.556783"
[1] "iter         ELBO"
[1] "811:    227158.609155"
[1] "iter         ELBO"
[1] "812:    227158.663985"
[1] "iter         ELBO"
[1] "813:    227158.721608"
[1] "iter         ELBO"
[1] "814:    227158.782430"
[1] "iter         ELBO"
[1] "815:    227158.846954"
[1] "iter         ELBO"
[1] "816:    227158.915825"
[1] "iter         ELBO"
[1] "817:    227158.989866"
[1] "iter         ELBO"
[1] "818:    227159.070181"
[1] "iter         ELBO"
[1] "819:    227159.158274"
[1] "iter         ELBO"
[1] "820:    227159.256292"
[1] "iter         ELBO"
[1] "821:    227159.367424"
[1] "iter         ELBO"
[1] "822:    227159.496716"
[1] "iter         ELBO"
[1] "823:    227159.652683"
[1] "iter         ELBO"
[1] "824:    227159.850907"
[1] "iter         ELBO"
[1] "825:    227160.121459"
[1] "iter         ELBO"
[1] "826:    227160.510491"
[1] "iter         ELBO"
[1] "827:    227160.931824"
[1] "iter         ELBO"
[1] "828:    227161.059993"
[1] "iter         ELBO"
[1] "829:    227161.121632"
[1] "iter         ELBO"
[1] "830:    227161.188620"
[1] "iter         ELBO"
[1] "831:    227161.262520"
[1] "iter         ELBO"
[1] "832:    227161.345356"
[1] "iter         ELBO"
[1] "833:    227161.440168"
[1] "iter         ELBO"
[1] "834:    227161.551774"
[1] "iter         ELBO"
[1] "835:    227161.688425"
[1] "iter         ELBO"
[1] "836:    227161.865471"
[1] "iter         ELBO"
[1] "837:    227162.114021"
[1] "iter         ELBO"
[1] "838:    227162.493186"
[1] "iter         ELBO"
[1] "839:    227162.977565"
[1] "iter         ELBO"
[1] "840:    227163.132804"
[1] "iter         ELBO"
[1] "841:    227163.161454"
[1] "iter         ELBO"
[1] "842:    227163.190474"
[1] "iter         ELBO"
[1] "843:    227163.220201"
[1] "iter         ELBO"
[1] "844:    227163.250695"
[1] "iter         ELBO"
[1] "845:    227163.282019"
[1] "iter         ELBO"
[1] "846:    227163.314247"
[1] "iter         ELBO"
[1] "847:    227163.347460"
[1] "iter         ELBO"
[1] "848:    227163.381750"
[1] "iter         ELBO"
[1] "849:    227163.417222"
[1] "iter         ELBO"
[1] "850:    227163.453998"
[1] "iter         ELBO"
[1] "851:    227163.492219"
[1] "iter         ELBO"
[1] "852:    227163.532052"
[1] "iter         ELBO"
[1] "853:    227163.573693"
[1] "iter         ELBO"
[1] "854:    227163.617379"
[1] "iter         ELBO"
[1] "855:    227163.663396"
[1] "iter         ELBO"
[1] "856:    227163.712099"
[1] "iter         ELBO"
[1] "857:    227163.763930"
[1] "iter         ELBO"
[1] "858:    227163.819455"
[1] "iter         ELBO"
[1] "859:    227163.879411"
[1] "iter         ELBO"
[1] "860:    227163.944783"
[1] "iter         ELBO"
[1] "861:    227164.016931"
[1] "iter         ELBO"
[1] "862:    227164.097798"
[1] "iter         ELBO"
[1] "863:    227164.190281"
[1] "iter         ELBO"
[1] "864:    227164.298976"
[1] "iter         ELBO"
[1] "865:    227164.431659"
[1] "iter         ELBO"
[1] "866:    227164.602727"
[1] "iter         ELBO"
[1] "867:    227164.841345"
[1] "iter         ELBO"
[1] "868:    227165.206261"
[1] "iter         ELBO"
[1] "869:    227165.713312"
[1] "iter         ELBO"
[1] "870:    227165.928501"
[1] "iter         ELBO"
[1] "871:    227165.959709"
[1] "iter         ELBO"
[1] "872:    227165.990571"
[1] "iter         ELBO"
[1] "873:    227166.022006"
[1] "iter         ELBO"
[1] "874:    227166.054051"
[1] "iter         ELBO"
[1] "875:    227166.086744"
[1] "iter         ELBO"
[1] "876:    227166.120121"
[1] "iter         ELBO"
[1] "877:    227166.154219"
[1] "iter         ELBO"
[1] "878:    227166.189080"
[1] "iter         ELBO"
[1] "879:    227166.224746"
[1] "iter         ELBO"
[1] "880:    227166.261262"
[1] "iter         ELBO"
[1] "881:    227166.298675"
[1] "iter         ELBO"
[1] "882:    227166.337036"
[1] "iter         ELBO"
[1] "883:    227166.376402"
[1] "iter         ELBO"
[1] "884:    227166.416831"
[1] "iter         ELBO"
[1] "885:    227166.458388"
[1] "iter         ELBO"
[1] "886:    227166.501142"
[1] "iter         ELBO"
[1] "887:    227166.545170"
[1] "iter         ELBO"
[1] "888:    227166.590558"
[1] "iter         ELBO"
[1] "889:    227166.637392"
[1] "iter         ELBO"
[1] "890:    227166.685776"
[1] "iter         ELBO"
[1] "891:    227166.735822"
[1] "iter         ELBO"
[1] "892:    227166.787651"
[1] "iter         ELBO"
[1] "893:    227166.841402"
[1] "iter         ELBO"
[1] "894:    227166.897229"
[1] "iter         ELBO"
[1] "895:    227166.955308"
[1] "iter         ELBO"
[1] "896:    227167.015837"
[1] "iter         ELBO"
[1] "897:    227167.079046"
[1] "iter         ELBO"
[1] "898:    227167.145193"
[1] "iter         ELBO"
[1] "899:    227167.214583"
[1] "iter         ELBO"
[1] "900:    227167.287570"
[1] "iter         ELBO"
[1] "901:    227167.364580"
[1] "iter         ELBO"
[1] "902:    227167.446125"
[1] "iter         ELBO"
[1] "903:    227167.532827"
[1] "iter         ELBO"
[1] "904:    227167.625476"
[1] "iter         ELBO"
[1] "905:    227167.725047"
[1] "iter         ELBO"
[1] "906:    227167.832841"
[1] "iter         ELBO"
[1] "907:    227167.950599"
[1] "iter         ELBO"
[1] "908:    227168.080778"
[1] "iter         ELBO"
[1] "909:    227168.226984"
[1] "iter         ELBO"
[1] "910:    227168.394842"
[1] "iter         ELBO"
[1] "911:    227168.593842"
[1] "iter         ELBO"
[1] "912:    227168.841401"
[1] "iter         ELBO"
[1] "913:    227169.171599"
[1] "iter         ELBO"
[1] "914:    227169.637468"
[1] "iter         ELBO"
[1] "915:    227170.132637"
[1] "iter         ELBO"
[1] "916:    227170.317337"
[1] "iter         ELBO"
[1] "917:    227170.455464"
[1] "iter         ELBO"
[1] "918:    227170.608682"
[1] "iter         ELBO"
[1] "919:    227170.781215"
[1] "iter         ELBO"
[1] "920:    227170.979325"
[1] "iter         ELBO"
[1] "921:    227171.213136"
[1] "iter         ELBO"
[1] "922:    227171.500396"
[1] "iter         ELBO"
[1] "923:    227171.874891"
[1] "iter         ELBO"
[1] "924:    227172.398125"
[1] "iter         ELBO"
[1] "925:    227173.063758"
[1] "iter         ELBO"
[1] "926:    227173.503013"
[1] "iter         ELBO"
[1] "927:    227173.938353"
[1] "iter         ELBO"
[1] "928:    227174.553613"
[1] "iter         ELBO"
[1] "929:    227174.949720"
[1] "iter         ELBO"
[1] "930:    227175.114464"
[1] "iter         ELBO"
[1] "931:    227175.311297"
[1] "iter         ELBO"
[1] "932:    227175.564497"
[1] "iter         ELBO"
[1] "933:    227175.917586"
[1] "iter         ELBO"
[1] "934:    227176.426047"
[1] "iter         ELBO"
[1] "935:    227176.855084"
[1] "iter         ELBO"
[1] "936:    227176.976512"
[1] "iter         ELBO"
[1] "937:    227177.092462"
[1] "iter         ELBO"
[1] "938:    227177.224370"
[1] "iter         ELBO"
[1] "939:    227177.377392"
[1] "iter         ELBO"
[1] "940:    227177.559561"
[1] "iter         ELBO"
[1] "941:    227177.784262"
[1] "iter         ELBO"
[1] "942:    227178.075902"
[1] "iter         ELBO"
[1] "943:    227178.483436"
[1] "iter         ELBO"
[1] "944:    227179.107596"
[1] "iter         ELBO"
[1] "945:    227180.013443"
[1] "iter         ELBO"
[1] "946:    227180.663173"
[1] "iter         ELBO"
[1] "947:    227180.815074"
[1] "iter         ELBO"
[1] "948:    227180.849167"
[1] "iter         ELBO"
[1] "949:    227180.884256"
[1] "iter         ELBO"
[1] "950:    227180.920649"
[1] "iter         ELBO"
[1] "951:    227180.958466"
[1] "iter         ELBO"
[1] "952:    227180.997839"
[1] "iter         ELBO"
[1] "953:    227181.038914"
[1] "iter         ELBO"
[1] "954:    227181.081857"
[1] "iter         ELBO"
[1] "955:    227181.126859"
[1] "iter         ELBO"
[1] "956:    227181.174139"
[1] "iter         ELBO"
[1] "957:    227181.223947"
[1] "iter         ELBO"
[1] "958:    227181.276586"
[1] "iter         ELBO"
[1] "959:    227181.332413"
[1] "iter         ELBO"
[1] "960:    227181.391863"
[1] "iter         ELBO"
[1] "961:    227181.455471"
[1] "iter         ELBO"
[1] "962:    227181.523907"
[1] "iter         ELBO"
[1] "963:    227181.598033"
[1] "iter         ELBO"
[1] "964:    227181.678985"
[1] "iter         ELBO"
[1] "965:    227181.768308"
[1] "iter         ELBO"
[1] "966:    227181.868191"
[1] "iter         ELBO"
[1] "967:    227181.981871"
[1] "iter         ELBO"
[1] "968:    227182.114461"
[1] "iter         ELBO"
[1] "969:    227182.274625"
[1] "iter         ELBO"
[1] "970:    227182.478474"
[1] "iter         ELBO"
[1] "971:    227182.758834"
[1] "iter         ELBO"
[1] "972:    227183.179226"
[1] "iter         ELBO"
[1] "973:    227183.715010"
[1] "iter         ELBO"
[1] "974:    227183.907264"
[1] "iter         ELBO"
[1] "975:    227183.978290"
[1] "iter         ELBO"
[1] "976:    227184.054263"
[1] "iter         ELBO"
[1] "977:    227184.136110"
[1] "iter         ELBO"
[1] "978:    227184.224725"
[1] "iter         ELBO"
[1] "979:    227184.321223"
[1] "iter         ELBO"
[1] "980:    227184.427008"
[1] "iter         ELBO"
[1] "981:    227184.543904"
[1] "iter         ELBO"
[1] "982:    227184.674347"
[1] "iter         ELBO"
[1] "983:    227184.821680"
[1] "iter         ELBO"
[1] "984:    227184.990734"
[1] "iter         ELBO"
[1] "985:    227185.188864"
[1] "iter         ELBO"
[1] "986:    227185.428126"
[1] "iter         ELBO"
[1] "987:    227185.730238"
[1] "iter         ELBO"
[1] "988:    227186.138180"
[1] "iter         ELBO"
[1] "989:    227186.729330"
[1] "iter         ELBO"
[1] "990:    227187.426525"
[1] "iter         ELBO"
[1] "991:    227187.803720"
[1] "iter         ELBO"
[1] "992:    227188.221576"
[1] "iter         ELBO"
[1] "993:    227188.848204"
[1] "iter         ELBO"
[1] "994:    227189.834344"
[1] "iter         ELBO"
[1] "995:    227190.757595"
[1] "iter         ELBO"
[1] "996:    227190.971175"
[1] "iter         ELBO"
[1] "997:    227191.129046"
[1] "iter         ELBO"
[1] "998:    227191.351051"
[1] "iter         ELBO"
[1] "999:    227191.698175"
[1] "iter         ELBO"
[1] "1000:    227192.247219"
R version 3.6.2 (2019-12-12)
Platform: x86_64-pc-linux-gnu (64-bit)
Running under: Ubuntu 18.04.1 LTS

Matrix products: default
BLAS:   /usr/lib/x86_64-linux-gnu/blas/libblas.so.3.7.1
LAPACK: /usr/lib/x86_64-linux-gnu/lapack/liblapack.so.3.7.1

locale:
 [1] LC_CTYPE=en_US.UTF-8       LC_NUMERIC=C              
 [3] LC_TIME=en_US.UTF-8        LC_COLLATE=en_US.UTF-8    
 [5] LC_MONETARY=en_US.UTF-8    LC_MESSAGES=en_US.UTF-8   
 [7] LC_PAPER=en_US.UTF-8       LC_NAME=C                 
 [9] LC_ADDRESS=C               LC_TELEPHONE=C            
[11] LC_MEASUREMENT=en_US.UTF-8 LC_IDENTIFICATION=C       

attached base packages:
[1] parallel  stats     graphics  grDevices utils     datasets  methods  
[8] base     

other attached packages:
[1] ebpmf.alpha_0.1.9 ebpm_0.0.0.9021   testthat_2.3.1   

loaded via a namespace (and not attached):
 [1] Rcpp_1.0.3          pillar_1.4.3        compiler_3.6.2     
 [4] prettyunits_1.1.1   remotes_2.1.0       tools_3.6.2        
 [7] digest_0.6.23       pkgbuild_1.0.6      pkgload_1.0.2      
[10] tibble_2.1.3        memoise_1.1.0       lifecycle_0.1.0    
[13] gtable_0.3.0        lattice_0.20-38     pkgconfig_2.0.3    
[16] rlang_0.4.4         Matrix_1.2-18       cli_2.0.1          
[19] rstudioapi_0.10     dplyr_0.8.4         withr_2.1.2        
[22] gtools_3.8.1        desc_1.2.0          fs_1.3.1           
[25] devtools_2.2.1      RcppZiggurat_0.1.5  Rfast_1.9.8        
[28] tidyselect_1.0.0    rprojroot_1.3-2     grid_3.6.2         
[31] glue_1.3.1          R6_2.4.1            processx_3.4.1     
[34] fansi_0.4.1         sessioninfo_1.1.1   mixsqp_0.3-17      
[37] irlba_2.3.3         purrr_0.3.3         callr_3.4.1        
[40] ggplot2_3.2.1       magrittr_1.5        backports_1.1.5    
[43] scales_1.1.0        ps_1.3.0            ellipsis_0.3.0     
[46] usethis_1.5.1       assertthat_0.2.1    colorspace_1.4-1   
[49] numDeriv_2016.8-1.1 gsl_2.1-6           lazyeval_0.2.2     
[52] munsell_0.5.0       NNLM_0.4.4          crayon_1.3.4       
