[1] "ebpm_two_gamma_fast5"
[1] "8 cpus available"
[1] "iter         ELBO"
[1] "1:    227067.587288"
[1] "iter         ELBO"
[1] "2:    227102.521655"
[1] "iter         ELBO"
[1] "3:    227126.411488"
[1] "iter         ELBO"
[1] "4:    227145.620195"
[1] "iter         ELBO"
[1] "5:    227162.180240"
[1] "iter         ELBO"
[1] "6:    227176.970187"
[1] "iter         ELBO"
[1] "7:    227190.480097"
[1] "iter         ELBO"
[1] "8:    227203.025619"
[1] "iter         ELBO"
[1] "9:    227214.825482"
[1] "iter         ELBO"
[1] "10:    227226.037856"
[1] "iter         ELBO"
[1] "11:    227236.782347"
[1] "iter         ELBO"
[1] "12:    227247.152776"
[1] "iter         ELBO"
[1] "13:    227257.222309"
[1] "iter         ELBO"
[1] "14:    227267.045024"
[1] "iter         ELBO"
[1] "15:    227276.660040"
[1] "iter         ELBO"
[1] "16:    227286.100422"
[1] "iter         ELBO"
[1] "17:    227295.401661"
[1] "iter         ELBO"
[1] "18:    227304.605909"
[1] "iter         ELBO"
[1] "19:    227313.764945"
[1] "iter         ELBO"
[1] "20:    227322.946920"
[1] "iter         ELBO"
[1] "21:    227332.252020"
[1] "iter         ELBO"
[1] "22:    227341.849930"
[1] "iter         ELBO"
[1] "23:    227352.083579"
[1] "iter         ELBO"
[1] "24:    227363.796326"
[1] "iter         ELBO"
[1] "25:    227379.434057"
[1] "iter         ELBO"
[1] "26:    227406.297210"
[1] "iter         ELBO"
[1] "27:    227425.714250"
[1] "iter         ELBO"
[1] "28:    227437.170993"
[1] "iter         ELBO"
[1] "29:    227446.611469"
[1] "iter         ELBO"
[1] "30:    227454.191006"
[1] "iter         ELBO"
[1] "31:    227460.957090"
[1] "iter         ELBO"
[1] "32:    227467.211176"
[1] "iter         ELBO"
[1] "33:    227473.085589"
[1] "iter         ELBO"
[1] "34:    227478.663191"
[1] "iter         ELBO"
[1] "35:    227484.004727"
[1] "iter         ELBO"
[1] "36:    227489.159719"
[1] "iter         ELBO"
[1] "37:    227494.171756"
[1] "iter         ELBO"
[1] "38:    227499.081320"
[1] "iter         ELBO"
[1] "39:    227503.928139"
[1] "iter         ELBO"
[1] "40:    227508.752759"
[1] "iter         ELBO"
[1] "41:    227513.598760"
[1] "iter         ELBO"
[1] "42:    227518.515239"
[1] "iter         ELBO"
[1] "43:    227523.560427"
[1] "iter         ELBO"
[1] "44:    227528.806968"
[1] "iter         ELBO"
[1] "45:    227534.350154"
[1] "iter         ELBO"
[1] "46:    227540.321971"
[1] "iter         ELBO"
[1] "47:    227546.916006"
[1] "iter         ELBO"
[1] "48:    227554.435439"
[1] "iter         ELBO"
[1] "49:    227563.394930"
[1] "iter         ELBO"
[1] "50:    227574.765490"
[1] "iter         ELBO"
[1] "51:    227590.679334"
[1] "iter         ELBO"
[1] "52:    227617.122951"
[1] "iter         ELBO"
[1] "53:    227641.427794"
[1] "iter         ELBO"
[1] "54:    227655.927602"
[1] "iter         ELBO"
[1] "55:    227680.523508"
[1] "iter         ELBO"
[1] "56:    227684.841114"
[1] "iter         ELBO"
[1] "57:    227690.528255"
[1] "iter         ELBO"
[1] "58:    227693.296293"
[1] "iter         ELBO"
[1] "59:    227694.402335"
[1] "iter         ELBO"
[1] "60:    227698.877067"
[1] "iter         ELBO"
[1] "61:    227701.290702"
[1] "iter         ELBO"
[1] "62:    227705.231442"
[1] "iter         ELBO"
[1] "63:    227710.642401"
[1] "iter         ELBO"
[1] "64:    227711.187217"
[1] "iter         ELBO"
[1] "65:    227717.034543"
[1] "iter         ELBO"
[1] "66:    227722.135414"
[1] "iter         ELBO"
[1] "67:    227729.644097"
[1] "iter         ELBO"
[1] "68:    227740.483748"
[1] "iter         ELBO"
[1] "69:    227761.318203"
[1] "iter         ELBO"
[1] "70:    227769.646272"
[1] "iter         ELBO"
[1] "71:    227773.583208"
[1] "iter         ELBO"
[1] "72:    227774.802307"
[1] "iter         ELBO"
[1] "73:    227778.120350"
[1] "iter         ELBO"
[1] "74:    227778.673837"
[1] "iter         ELBO"
[1] "75:    227779.998643"
[1] "iter         ELBO"
[1] "76:    227782.288159"
[1] "iter         ELBO"
[1] "77:    227784.967975"
[1] "iter         ELBO"
[1] "78:    227786.174133"
[1] "iter         ELBO"
[1] "79:    227787.759819"
[1] "iter         ELBO"
[1] "80:    227789.555069"
[1] "iter         ELBO"
[1] "81:    227790.124078"
[1] "iter         ELBO"
[1] "82:    227791.770077"
[1] "iter         ELBO"
[1] "83:    227794.038295"
[1] "iter         ELBO"
[1] "84:    227795.467758"
[1] "iter         ELBO"
[1] "85:    227796.842381"
[1] "iter         ELBO"
[1] "86:    227797.441619"
[1] "iter         ELBO"
[1] "87:    227799.790754"
[1] "iter         ELBO"
[1] "88:    227800.911207"
[1] "iter         ELBO"
[1] "89:    227801.320638"
[1] "iter         ELBO"
[1] "90:    227803.282982"
[1] "iter         ELBO"
[1] "91:    227803.308638"
[1] "iter         ELBO"
[1] "92:    227806.404419"
[1] "iter         ELBO"
[1] "93:    227805.323567"
[1] "iter         ELBO"
[1] "94:    227808.566101"
[1] "iter         ELBO"
[1] "95:    227808.628645"
[1] "iter         ELBO"
[1] "96:    227809.004708"
[1] "iter         ELBO"
[1] "97:    227811.711770"
[1] "iter         ELBO"
[1] "98:    227811.703731"
[1] "iter         ELBO"
[1] "99:    227812.472226"
[1] "iter         ELBO"
[1] "100:    227813.749998"
[1] "iter         ELBO"
[1] "101:    227814.767850"
[1] "iter         ELBO"
[1] "102:    227816.754855"
[1] "iter         ELBO"
[1] "103:    227816.188925"
[1] "iter         ELBO"
[1] "104:    227817.797343"
[1] "iter         ELBO"
[1] "105:    227821.807212"
[1] "iter         ELBO"
[1] "106:    227820.446544"
[1] "iter         ELBO"
[1] "107:    227822.444765"
[1] "iter         ELBO"
[1] "108:    227821.784271"
[1] "iter         ELBO"
[1] "109:    227823.951457"
[1] "iter         ELBO"
[1] "110:    227825.438932"
[1] "iter         ELBO"
[1] "111:    227825.497383"
[1] "iter         ELBO"
[1] "112:    227828.138834"
[1] "iter         ELBO"
[1] "113:    227830.140518"
[1] "iter         ELBO"
[1] "114:    227830.300170"
[1] "iter         ELBO"
[1] "115:    227831.192406"
[1] "iter         ELBO"
[1] "116:    227833.870528"
[1] "iter         ELBO"
[1] "117:    227833.572696"
[1] "iter         ELBO"
[1] "118:    227834.271145"
[1] "iter         ELBO"
[1] "119:    227835.578663"
[1] "iter         ELBO"
[1] "120:    227839.538025"
[1] "iter         ELBO"
[1] "121:    227843.238169"
[1] "iter         ELBO"
[1] "122:    227846.048011"
[1] "iter         ELBO"
[1] "123:    227850.157868"
[1] "iter         ELBO"
[1] "124:    227856.820027"
[1] "iter         ELBO"
[1] "125:    227874.151147"
[1] "iter         ELBO"
[1] "126:    227883.455468"
[1] "iter         ELBO"
[1] "127:    227882.500131"
[1] "iter         ELBO"
[1] "128:    227885.066890"
[1] "iter         ELBO"
[1] "129:    227886.179233"
[1] "iter         ELBO"
[1] "130:    227887.567435"
[1] "iter         ELBO"
[1] "131:    227887.869848"
[1] "iter         ELBO"
[1] "132:    227889.981737"
[1] "iter         ELBO"
[1] "133:    227889.174973"
[1] "iter         ELBO"
[1] "134:    227891.961289"
[1] "iter         ELBO"
[1] "135:    227892.174597"
[1] "iter         ELBO"
[1] "136:    227893.776424"
[1] "iter         ELBO"
[1] "137:    227895.392494"
[1] "iter         ELBO"
[1] "138:    227895.336682"
[1] "iter         ELBO"
[1] "139:    227894.627862"
[1] "iter         ELBO"
[1] "140:    227896.751159"
[1] "iter         ELBO"
[1] "141:    227898.416551"
[1] "iter         ELBO"
[1] "142:    227899.315999"
[1] "iter         ELBO"
[1] "143:    227898.631549"
[1] "iter         ELBO"
[1] "144:    227901.048957"
[1] "iter         ELBO"
[1] "145:    227902.028090"
[1] "iter         ELBO"
[1] "146:    227903.005388"
[1] "iter         ELBO"
[1] "147:    227902.553810"
[1] "iter         ELBO"
[1] "148:    227904.378916"
[1] "iter         ELBO"
[1] "149:    227906.749992"
[1] "iter         ELBO"
[1] "150:    227907.037430"
[1] "iter         ELBO"
[1] "151:    227907.069715"
[1] "iter         ELBO"
[1] "152:    227907.202469"
[1] "iter         ELBO"
[1] "153:    227909.045561"
[1] "iter         ELBO"
[1] "154:    227911.205341"
[1] "iter         ELBO"
[1] "155:    227910.549217"
[1] "iter         ELBO"
[1] "156:    227910.639927"
[1] "iter         ELBO"
[1] "157:    227910.584989"
[1] "iter         ELBO"
[1] "158:    227911.971253"
[1] "iter         ELBO"
[1] "159:    227914.269130"
[1] "iter         ELBO"
[1] "160:    227913.283429"
[1] "iter         ELBO"
[1] "161:    227915.229752"
[1] "iter         ELBO"
[1] "162:    227914.182955"
[1] "iter         ELBO"
[1] "163:    227916.557173"
[1] "iter         ELBO"
[1] "164:    227916.087596"
[1] "iter         ELBO"
[1] "165:    227915.095112"
[1] "iter         ELBO"
[1] "166:    227917.646515"
[1] "iter         ELBO"
[1] "167:    227918.806976"
[1] "iter         ELBO"
[1] "168:    227917.890104"
[1] "iter         ELBO"
[1] "169:    227918.458044"
[1] "iter         ELBO"
[1] "170:    227920.321655"
[1] "iter         ELBO"
[1] "171:    227919.790504"
[1] "iter         ELBO"
[1] "172:    227920.422927"
[1] "iter         ELBO"
[1] "173:    227923.025117"
[1] "iter         ELBO"
[1] "174:    227921.903690"
[1] "iter         ELBO"
[1] "175:    227922.864072"
[1] "iter         ELBO"
[1] "176:    227922.460474"
[1] "iter         ELBO"
[1] "177:    227924.996129"
[1] "iter         ELBO"
[1] "178:    227924.901881"
[1] "iter         ELBO"
[1] "179:    227924.765247"
[1] "iter         ELBO"
[1] "180:    227925.929115"
[1] "iter         ELBO"
[1] "181:    227923.516052"
[1] "iter         ELBO"
[1] "182:    227925.292710"
[1] "iter         ELBO"
[1] "183:    227925.557379"
[1] "iter         ELBO"
[1] "184:    227926.107522"
[1] "iter         ELBO"
[1] "185:    227929.305674"
[1] "iter         ELBO"
[1] "186:    227927.425329"
[1] "iter         ELBO"
[1] "187:    227930.217948"
[1] "iter         ELBO"
[1] "188:    227929.478277"
[1] "iter         ELBO"
[1] "189:    227927.750540"
[1] "iter         ELBO"
[1] "190:    227929.828285"
[1] "iter         ELBO"
[1] "191:    227930.754468"
[1] "iter         ELBO"
[1] "192:    227932.071497"
[1] "iter         ELBO"
[1] "193:    227931.571167"
[1] "iter         ELBO"
[1] "194:    227931.044690"
[1] "iter         ELBO"
[1] "195:    227931.032836"
[1] "iter         ELBO"
[1] "196:    227931.825705"
[1] "iter         ELBO"
[1] "197:    227933.963557"
[1] "iter         ELBO"
[1] "198:    227933.235218"
[1] "iter         ELBO"
[1] "199:    227934.293780"
[1] "iter         ELBO"
[1] "200:    227932.947046"
[1] "iter         ELBO"
[1] "201:    227935.687351"
[1] "iter         ELBO"
[1] "202:    227934.181563"
[1] "iter         ELBO"
[1] "203:    227935.501376"
[1] "iter         ELBO"
[1] "204:    227936.432957"
[1] "iter         ELBO"
[1] "205:    227937.262126"
[1] "iter         ELBO"
[1] "206:    227935.774175"
[1] "iter         ELBO"
[1] "207:    227936.253987"
[1] "iter         ELBO"
[1] "208:    227937.236034"
[1] "iter         ELBO"
[1] "209:    227936.504337"
[1] "iter         ELBO"
[1] "210:    227939.092531"
[1] "iter         ELBO"
[1] "211:    227938.283836"
[1] "iter         ELBO"
[1] "212:    227938.361107"
[1] "iter         ELBO"
[1] "213:    227938.356786"
[1] "iter         ELBO"
[1] "214:    227941.052903"
[1] "iter         ELBO"
[1] "215:    227939.731150"
[1] "iter         ELBO"
[1] "216:    227939.589524"
[1] "iter         ELBO"
[1] "217:    227942.076238"
[1] "iter         ELBO"
[1] "218:    227941.387920"
[1] "iter         ELBO"
[1] "219:    227940.554770"
[1] "iter         ELBO"
[1] "220:    227940.606021"
[1] "iter         ELBO"
[1] "221:    227942.097421"
[1] "iter         ELBO"
[1] "222:    227943.264640"
[1] "iter         ELBO"
[1] "223:    227941.904469"
[1] "iter         ELBO"
[1] "224:    227939.545405"
[1] "iter         ELBO"
[1] "225:    227941.708146"
[1] "iter         ELBO"
[1] "226:    227943.435683"
[1] "iter         ELBO"
[1] "227:    227943.748047"
[1] "iter         ELBO"
[1] "228:    227943.672478"
[1] "iter         ELBO"
[1] "229:    227944.985933"
[1] "iter         ELBO"
[1] "230:    227944.965050"
[1] "iter         ELBO"
[1] "231:    227945.386268"
[1] "iter         ELBO"
[1] "232:    227945.025613"
[1] "iter         ELBO"
[1] "233:    227946.158876"
[1] "iter         ELBO"
[1] "234:    227945.311565"
[1] "iter         ELBO"
[1] "235:    227944.258933"
[1] "iter         ELBO"
[1] "236:    227946.025863"
[1] "iter         ELBO"
[1] "237:    227946.387115"
[1] "iter         ELBO"
[1] "238:    227948.367055"
[1] "iter         ELBO"
[1] "239:    227947.989820"
[1] "iter         ELBO"
[1] "240:    227946.779325"
[1] "iter         ELBO"
[1] "241:    227946.509164"
[1] "iter         ELBO"
[1] "242:    227948.202744"
[1] "iter         ELBO"
[1] "243:    227948.883182"
[1] "iter         ELBO"
[1] "244:    227948.323355"
[1] "iter         ELBO"
[1] "245:    227948.295911"
[1] "iter         ELBO"
[1] "246:    227948.073036"
[1] "iter         ELBO"
[1] "247:    227949.170751"
[1] "iter         ELBO"
[1] "248:    227948.123620"
[1] "iter         ELBO"
[1] "249:    227950.197066"
[1] "iter         ELBO"
[1] "250:    227948.662583"
[1] "iter         ELBO"
[1] "251:    227949.754574"
[1] "iter         ELBO"
[1] "252:    227949.828015"
[1] "iter         ELBO"
[1] "253:    227949.856526"
[1] "iter         ELBO"
[1] "254:    227950.860633"
[1] "iter         ELBO"
[1] "255:    227951.449729"
[1] "iter         ELBO"
[1] "256:    227950.773321"
[1] "iter         ELBO"
[1] "257:    227952.382597"
[1] "iter         ELBO"
[1] "258:    227950.047310"
[1] "iter         ELBO"
[1] "259:    227951.537036"
[1] "iter         ELBO"
[1] "260:    227953.871130"
[1] "iter         ELBO"
[1] "261:    227952.644874"
[1] "iter         ELBO"
[1] "262:    227952.272276"
[1] "iter         ELBO"
[1] "263:    227953.436240"
[1] "iter         ELBO"
[1] "264:    227952.175389"
[1] "iter         ELBO"
[1] "265:    227953.847951"
[1] "iter         ELBO"
[1] "266:    227953.753011"
[1] "iter         ELBO"
[1] "267:    227953.346745"
[1] "iter         ELBO"
[1] "268:    227952.678148"
[1] "iter         ELBO"
[1] "269:    227955.264916"
[1] "iter         ELBO"
[1] "270:    227954.374604"
[1] "iter         ELBO"
[1] "271:    227955.635270"
[1] "iter         ELBO"
[1] "272:    227956.309995"
[1] "iter         ELBO"
[1] "273:    227955.059476"
[1] "iter         ELBO"
[1] "274:    227956.900468"
[1] "iter         ELBO"
[1] "275:    227955.849741"
[1] "iter         ELBO"
[1] "276:    227955.690011"
[1] "iter         ELBO"
[1] "277:    227956.117033"
[1] "iter         ELBO"
[1] "278:    227954.953828"
[1] "iter         ELBO"
[1] "279:    227957.216437"
[1] "iter         ELBO"
[1] "280:    227956.420668"
[1] "iter         ELBO"
[1] "281:    227957.582349"
[1] "iter         ELBO"
[1] "282:    227956.763115"
[1] "iter         ELBO"
[1] "283:    227956.385700"
[1] "iter         ELBO"
[1] "284:    227958.261888"
[1] "iter         ELBO"
[1] "285:    227956.656811"
[1] "iter         ELBO"
[1] "286:    227957.085437"
[1] "iter         ELBO"
[1] "287:    227956.312600"
[1] "iter         ELBO"
[1] "288:    227958.102946"
[1] "iter         ELBO"
[1] "289:    227959.558343"
[1] "iter         ELBO"
[1] "290:    227956.418878"
[1] "iter         ELBO"
[1] "291:    227956.886635"
[1] "iter         ELBO"
[1] "292:    227959.320602"
[1] "iter         ELBO"
[1] "293:    227959.083932"
[1] "iter         ELBO"
[1] "294:    227961.246171"
[1] "iter         ELBO"
[1] "295:    227959.821025"
[1] "iter         ELBO"
[1] "296:    227960.572115"
[1] "iter         ELBO"
[1] "297:    227960.262856"
[1] "iter         ELBO"
[1] "298:    227958.454643"
[1] "iter         ELBO"
[1] "299:    227959.814335"
[1] "iter         ELBO"
[1] "300:    227959.903399"
[1] "iter         ELBO"
[1] "301:    227960.984797"
[1] "iter         ELBO"
[1] "302:    227960.821351"
[1] "iter         ELBO"
[1] "303:    227962.425788"
[1] "iter         ELBO"
[1] "304:    227960.560694"
[1] "iter         ELBO"
[1] "305:    227958.988640"
[1] "iter         ELBO"
[1] "306:    227960.971938"
[1] "iter         ELBO"
[1] "307:    227961.522935"
[1] "iter         ELBO"
[1] "308:    227962.403724"
[1] "iter         ELBO"
[1] "309:    227961.876394"
[1] "iter         ELBO"
[1] "310:    227962.070258"
[1] "iter         ELBO"
[1] "311:    227960.337978"
[1] "iter         ELBO"
[1] "312:    227963.042324"
[1] "iter         ELBO"
[1] "313:    227964.132451"
[1] "iter         ELBO"
[1] "314:    227962.619903"
[1] "iter         ELBO"
[1] "315:    227962.266068"
[1] "iter         ELBO"
[1] "316:    227963.582484"
[1] "iter         ELBO"
[1] "317:    227963.330217"
[1] "iter         ELBO"
[1] "318:    227962.770330"
[1] "iter         ELBO"
[1] "319:    227963.163810"
[1] "iter         ELBO"
[1] "320:    227963.271551"
[1] "iter         ELBO"
[1] "321:    227962.354321"
[1] "iter         ELBO"
[1] "322:    227964.172845"
[1] "iter         ELBO"
[1] "323:    227963.487722"
[1] "iter         ELBO"
[1] "324:    227964.309452"
[1] "iter         ELBO"
[1] "325:    227964.398491"
[1] "iter         ELBO"
[1] "326:    227964.015119"
[1] "iter         ELBO"
[1] "327:    227963.669588"
[1] "iter         ELBO"
[1] "328:    227965.871842"
[1] "iter         ELBO"
[1] "329:    227964.882051"
[1] "iter         ELBO"
[1] "330:    227964.937534"
[1] "iter         ELBO"
[1] "331:    227964.091717"
[1] "iter         ELBO"
[1] "332:    227965.763370"
[1] "iter         ELBO"
[1] "333:    227964.601104"
[1] "iter         ELBO"
[1] "334:    227965.795685"
[1] "iter         ELBO"
[1] "335:    227966.606740"
[1] "iter         ELBO"
[1] "336:    227963.043691"
[1] "iter         ELBO"
[1] "337:    227965.865837"
[1] "iter         ELBO"
[1] "338:    227965.332508"
[1] "iter         ELBO"
[1] "339:    227965.952858"
[1] "iter         ELBO"
[1] "340:    227967.486133"
[1] "iter         ELBO"
[1] "341:    227965.191277"
[1] "iter         ELBO"
[1] "342:    227967.827182"
[1] "iter         ELBO"
[1] "343:    227963.902734"
[1] "iter         ELBO"
[1] "344:    227966.926665"
[1] "iter         ELBO"
[1] "345:    227968.157673"
[1] "iter         ELBO"
[1] "346:    227967.354415"
[1] "iter         ELBO"
[1] "347:    227967.525452"
[1] "iter         ELBO"
[1] "348:    227966.929211"
[1] "iter         ELBO"
[1] "349:    227966.574111"
[1] "iter         ELBO"
[1] "350:    227965.218485"
[1] "iter         ELBO"
[1] "351:    227967.620571"
[1] "iter         ELBO"
[1] "352:    227965.788591"
[1] "iter         ELBO"
[1] "353:    227966.730488"
[1] "iter         ELBO"
[1] "354:    227967.454396"
[1] "iter         ELBO"
[1] "355:    227966.468329"
[1] "iter         ELBO"
[1] "356:    227968.780191"
[1] "iter         ELBO"
[1] "357:    227967.647795"
[1] "iter         ELBO"
[1] "358:    227968.828913"
[1] "iter         ELBO"
[1] "359:    227968.581266"
[1] "iter         ELBO"
[1] "360:    227968.162444"
[1] "iter         ELBO"
[1] "361:    227968.344795"
[1] "iter         ELBO"
[1] "362:    227971.106344"
[1] "iter         ELBO"
[1] "363:    227968.969265"
[1] "iter         ELBO"
[1] "364:    227968.440940"
[1] "iter         ELBO"
[1] "365:    227967.778632"
[1] "iter         ELBO"
[1] "366:    227969.489590"
[1] "iter         ELBO"
[1] "367:    227970.041766"
[1] "iter         ELBO"
[1] "368:    227968.173098"
[1] "iter         ELBO"
[1] "369:    227969.922906"
[1] "iter         ELBO"
[1] "370:    227968.435924"
[1] "iter         ELBO"
[1] "371:    227969.109564"
[1] "iter         ELBO"
[1] "372:    227967.950620"
[1] "iter         ELBO"
[1] "373:    227967.715922"
[1] "iter         ELBO"
[1] "374:    227967.412192"
[1] "iter         ELBO"
[1] "375:    227968.046036"
[1] "iter         ELBO"
[1] "376:    227969.876694"
[1] "iter         ELBO"
[1] "377:    227968.655600"
[1] "iter         ELBO"
[1] "378:    227969.641851"
[1] "iter         ELBO"
[1] "379:    227969.301605"
[1] "iter         ELBO"
[1] "380:    227967.974218"
[1] "iter         ELBO"
[1] "381:    227969.371413"
[1] "iter         ELBO"
[1] "382:    227969.499418"
[1] "iter         ELBO"
[1] "383:    227970.114496"
[1] "iter         ELBO"
[1] "384:    227969.722857"
[1] "iter         ELBO"
[1] "385:    227969.080664"
[1] "iter         ELBO"
[1] "386:    227969.944011"
[1] "iter         ELBO"
[1] "387:    227969.818918"
[1] "iter         ELBO"
[1] "388:    227969.961422"
[1] "iter         ELBO"
[1] "389:    227971.377416"
[1] "iter         ELBO"
[1] "390:    227968.572792"
[1] "iter         ELBO"
[1] "391:    227969.303406"
[1] "iter         ELBO"
[1] "392:    227970.325008"
[1] "iter         ELBO"
[1] "393:    227970.893400"
[1] "iter         ELBO"
[1] "394:    227972.014299"
[1] "iter         ELBO"
[1] "395:    227971.443302"
[1] "iter         ELBO"
[1] "396:    227972.186036"
[1] "iter         ELBO"
[1] "397:    227969.748002"
[1] "iter         ELBO"
[1] "398:    227970.634729"
[1] "iter         ELBO"
[1] "399:    227970.851633"
[1] "iter         ELBO"
[1] "400:    227970.404154"
[1] "iter         ELBO"
[1] "401:    227968.797665"
[1] "iter         ELBO"
[1] "402:    227969.537444"
[1] "iter         ELBO"
[1] "403:    227969.628797"
[1] "iter         ELBO"
[1] "404:    227971.326889"
[1] "iter         ELBO"
[1] "405:    227972.386979"
[1] "iter         ELBO"
[1] "406:    227970.322716"
[1] "iter         ELBO"
[1] "407:    227972.372041"
[1] "iter         ELBO"
[1] "408:    227973.298627"
[1] "iter         ELBO"
[1] "409:    227972.184784"
[1] "iter         ELBO"
[1] "410:    227971.603290"
[1] "iter         ELBO"
[1] "411:    227972.082208"
[1] "iter         ELBO"
[1] "412:    227971.709049"
[1] "iter         ELBO"
[1] "413:    227971.488666"
[1] "iter         ELBO"
[1] "414:    227972.925873"
[1] "iter         ELBO"
[1] "415:    227972.275418"
[1] "iter         ELBO"
[1] "416:    227972.292044"
[1] "iter         ELBO"
[1] "417:    227973.230367"
[1] "iter         ELBO"
[1] "418:    227972.795164"
[1] "iter         ELBO"
[1] "419:    227971.589264"
[1] "iter         ELBO"
[1] "420:    227973.068949"
[1] "iter         ELBO"
[1] "421:    227973.738690"
[1] "iter         ELBO"
[1] "422:    227970.852994"
[1] "iter         ELBO"
[1] "423:    227972.666310"
[1] "iter         ELBO"
[1] "424:    227973.183048"
[1] "iter         ELBO"
[1] "425:    227972.157614"
[1] "iter         ELBO"
[1] "426:    227972.344306"
[1] "iter         ELBO"
[1] "427:    227974.497474"
[1] "iter         ELBO"
[1] "428:    227973.871342"
[1] "iter         ELBO"
[1] "429:    227973.470171"
[1] "iter         ELBO"
[1] "430:    227973.798150"
[1] "iter         ELBO"
[1] "431:    227973.109477"
[1] "iter         ELBO"
[1] "432:    227973.658215"
[1] "iter         ELBO"
[1] "433:    227974.198533"
[1] "iter         ELBO"
[1] "434:    227974.734420"
[1] "iter         ELBO"
[1] "435:    227973.769944"
[1] "iter         ELBO"
[1] "436:    227973.559119"
[1] "iter         ELBO"
[1] "437:    227972.988501"
[1] "iter         ELBO"
[1] "438:    227973.196613"
[1] "iter         ELBO"
[1] "439:    227972.920963"
[1] "iter         ELBO"
[1] "440:    227973.165352"
[1] "iter         ELBO"
[1] "441:    227973.683645"
[1] "iter         ELBO"
[1] "442:    227972.729601"
[1] "iter         ELBO"
[1] "443:    227973.057026"
[1] "iter         ELBO"
[1] "444:    227972.654106"
[1] "iter         ELBO"
[1] "445:    227975.304109"
[1] "iter         ELBO"
[1] "446:    227972.498259"
[1] "iter         ELBO"
[1] "447:    227974.238567"
[1] "iter         ELBO"
[1] "448:    227974.528660"
[1] "iter         ELBO"
[1] "449:    227974.872140"
[1] "iter         ELBO"
[1] "450:    227975.772521"
[1] "iter         ELBO"
[1] "451:    227974.983377"
[1] "iter         ELBO"
[1] "452:    227974.508209"
[1] "iter         ELBO"
[1] "453:    227974.600437"
[1] "iter         ELBO"
[1] "454:    227975.513529"
[1] "iter         ELBO"
[1] "455:    227974.250897"
[1] "iter         ELBO"
[1] "456:    227974.565920"
[1] "iter         ELBO"
[1] "457:    227975.211930"
[1] "iter         ELBO"
[1] "458:    227974.942307"
[1] "iter         ELBO"
[1] "459:    227974.510297"
[1] "iter         ELBO"
[1] "460:    227973.669205"
[1] "iter         ELBO"
[1] "461:    227976.422256"
[1] "iter         ELBO"
[1] "462:    227976.272652"
[1] "iter         ELBO"
[1] "463:    227976.223621"
[1] "iter         ELBO"
[1] "464:    227975.278345"
[1] "iter         ELBO"
[1] "465:    227974.689887"
[1] "iter         ELBO"
[1] "466:    227976.211465"
[1] "iter         ELBO"
[1] "467:    227975.844882"
[1] "iter         ELBO"
[1] "468:    227974.845657"
[1] "iter         ELBO"
[1] "469:    227974.215630"
[1] "iter         ELBO"
[1] "470:    227974.207820"
[1] "iter         ELBO"
[1] "471:    227974.325169"
[1] "iter         ELBO"
[1] "472:    227974.570686"
[1] "iter         ELBO"
[1] "473:    227975.447315"
[1] "iter         ELBO"
[1] "474:    227975.707928"
[1] "iter         ELBO"
[1] "475:    227975.605523"
[1] "iter         ELBO"
[1] "476:    227976.892860"
[1] "iter         ELBO"
[1] "477:    227975.572865"
[1] "iter         ELBO"
[1] "478:    227975.648284"
[1] "iter         ELBO"
[1] "479:    227977.621978"
[1] "iter         ELBO"
[1] "480:    227976.996699"
[1] "iter         ELBO"
[1] "481:    227976.525202"
[1] "iter         ELBO"
[1] "482:    227974.960243"
[1] "iter         ELBO"
[1] "483:    227975.554550"
[1] "iter         ELBO"
[1] "484:    227977.681660"
[1] "iter         ELBO"
[1] "485:    227977.434917"
[1] "iter         ELBO"
[1] "486:    227976.104726"
[1] "iter         ELBO"
[1] "487:    227976.943822"
[1] "iter         ELBO"
[1] "488:    227976.205688"
[1] "iter         ELBO"
[1] "489:    227976.638377"
[1] "iter         ELBO"
[1] "490:    227975.983343"
[1] "iter         ELBO"
[1] "491:    227976.758004"
[1] "iter         ELBO"
[1] "492:    227975.464864"
[1] "iter         ELBO"
[1] "493:    227975.356457"
[1] "iter         ELBO"
[1] "494:    227974.185246"
[1] "iter         ELBO"
[1] "495:    227975.203713"
[1] "iter         ELBO"
[1] "496:    227973.664294"
[1] "iter         ELBO"
[1] "497:    227975.044302"
[1] "iter         ELBO"
[1] "498:    227975.910035"
[1] "iter         ELBO"
[1] "499:    227975.112730"
[1] "iter         ELBO"
[1] "500:    227976.767843"
[1] "iter         ELBO"
[1] "501:    227976.127799"
[1] "iter         ELBO"
[1] "502:    227976.194896"
[1] "iter         ELBO"
[1] "503:    227976.971449"
[1] "iter         ELBO"
[1] "504:    227976.709706"
[1] "iter         ELBO"
[1] "505:    227977.161932"
[1] "iter         ELBO"
[1] "506:    227976.580392"
[1] "iter         ELBO"
[1] "507:    227976.967344"
[1] "iter         ELBO"
[1] "508:    227975.824954"
[1] "iter         ELBO"
[1] "509:    227974.655468"
[1] "iter         ELBO"
[1] "510:    227975.711011"
[1] "iter         ELBO"
[1] "511:    227975.993815"
[1] "iter         ELBO"
[1] "512:    227974.255950"
[1] "iter         ELBO"
[1] "513:    227974.999582"
[1] "iter         ELBO"
[1] "514:    227977.857006"
[1] "iter         ELBO"
[1] "515:    227977.865357"
[1] "iter         ELBO"
[1] "516:    227978.611158"
[1] "iter         ELBO"
[1] "517:    227978.096417"
[1] "iter         ELBO"
[1] "518:    227978.073202"
[1] "iter         ELBO"
[1] "519:    227978.293533"
[1] "iter         ELBO"
[1] "520:    227977.259436"
[1] "iter         ELBO"
[1] "521:    227975.972905"
[1] "iter         ELBO"
[1] "522:    227975.435906"
[1] "iter         ELBO"
[1] "523:    227975.150407"
[1] "iter         ELBO"
[1] "524:    227979.224444"
[1] "iter         ELBO"
[1] "525:    227980.262763"
[1] "iter         ELBO"
[1] "526:    227979.057881"
[1] "iter         ELBO"
[1] "527:    227979.361708"
[1] "iter         ELBO"
[1] "528:    227981.176154"
[1] "iter         ELBO"
[1] "529:    227980.753701"
[1] "iter         ELBO"
[1] "530:    227979.844964"
[1] "iter         ELBO"
[1] "531:    227979.702398"
[1] "iter         ELBO"
[1] "532:    227977.083751"
[1] "iter         ELBO"
[1] "533:    227978.065730"
[1] "iter         ELBO"
[1] "534:    227976.228061"
[1] "iter         ELBO"
[1] "535:    227976.413870"
[1] "iter         ELBO"
[1] "536:    227977.124929"
[1] "iter         ELBO"
[1] "537:    227976.363017"
[1] "iter         ELBO"
[1] "538:    227976.129865"
[1] "iter         ELBO"
[1] "539:    227978.550116"
[1] "iter         ELBO"
[1] "540:    227979.062923"
[1] "iter         ELBO"
[1] "541:    227978.610132"
[1] "iter         ELBO"
[1] "542:    227978.693446"
[1] "iter         ELBO"
[1] "543:    227978.564535"
[1] "iter         ELBO"
[1] "544:    227977.975079"
[1] "iter         ELBO"
[1] "545:    227978.676673"
[1] "iter         ELBO"
[1] "546:    227978.671013"
[1] "iter         ELBO"
[1] "547:    227978.959648"
[1] "iter         ELBO"
[1] "548:    227978.294262"
[1] "iter         ELBO"
[1] "549:    227977.676425"
[1] "iter         ELBO"
[1] "550:    227978.107688"
[1] "iter         ELBO"
[1] "551:    227976.339658"
[1] "iter         ELBO"
[1] "552:    227977.392396"
[1] "iter         ELBO"
[1] "553:    227976.280527"
[1] "iter         ELBO"
[1] "554:    227975.723595"
[1] "iter         ELBO"
[1] "555:    227977.723108"
[1] "iter         ELBO"
[1] "556:    227976.031211"
[1] "iter         ELBO"
[1] "557:    227977.398213"
[1] "iter         ELBO"
[1] "558:    227977.576165"
[1] "iter         ELBO"
[1] "559:    227978.354414"
[1] "iter         ELBO"
[1] "560:    227978.852166"
[1] "iter         ELBO"
[1] "561:    227980.468126"
[1] "iter         ELBO"
[1] "562:    227979.650923"
[1] "iter         ELBO"
[1] "563:    227980.652002"
[1] "iter         ELBO"
[1] "564:    227980.972757"
[1] "iter         ELBO"
[1] "565:    227981.114599"
[1] "iter         ELBO"
[1] "566:    227979.328925"
[1] "iter         ELBO"
[1] "567:    227980.782957"
[1] "iter         ELBO"
[1] "568:    227980.141264"
[1] "iter         ELBO"
[1] "569:    227979.326835"
[1] "iter         ELBO"
[1] "570:    227979.089816"
[1] "iter         ELBO"
[1] "571:    227977.682144"
[1] "iter         ELBO"
[1] "572:    227978.267469"
[1] "iter         ELBO"
[1] "573:    227978.269285"
[1] "iter         ELBO"
[1] "574:    227977.854428"
[1] "iter         ELBO"
[1] "575:    227977.524201"
[1] "iter         ELBO"
[1] "576:    227981.979724"
[1] "iter         ELBO"
[1] "577:    227980.536265"
[1] "iter         ELBO"
[1] "578:    227981.181568"
[1] "iter         ELBO"
[1] "579:    227979.666913"
[1] "iter         ELBO"
[1] "580:    227979.743504"
[1] "iter         ELBO"
[1] "581:    227979.162563"
[1] "iter         ELBO"
[1] "582:    227980.175359"
[1] "iter         ELBO"
[1] "583:    227978.033066"
[1] "iter         ELBO"
[1] "584:    227977.736947"
[1] "iter         ELBO"
[1] "585:    227978.538143"
[1] "iter         ELBO"
[1] "586:    227977.687903"
[1] "iter         ELBO"
[1] "587:    227976.937348"
[1] "iter         ELBO"
[1] "588:    227974.537691"
[1] "iter         ELBO"
[1] "589:    227975.490083"
[1] "iter         ELBO"
[1] "590:    227976.295651"
[1] "iter         ELBO"
[1] "591:    227977.455583"
[1] "iter         ELBO"
[1] "592:    227975.720973"
[1] "iter         ELBO"
[1] "593:    227974.842975"
[1] "iter         ELBO"
[1] "594:    227978.093603"
[1] "iter         ELBO"
[1] "595:    227981.221734"
[1] "iter         ELBO"
[1] "596:    227981.208368"
[1] "iter         ELBO"
[1] "597:    227980.555731"
[1] "iter         ELBO"
[1] "598:    227979.264888"
[1] "iter         ELBO"
[1] "599:    227978.336912"
[1] "iter         ELBO"
[1] "600:    227978.645818"
[1] "iter         ELBO"
[1] "601:    227977.693895"
[1] "iter         ELBO"
[1] "602:    227978.108043"
[1] "iter         ELBO"
[1] "603:    227978.889337"
[1] "iter         ELBO"
[1] "604:    227980.288769"
[1] "iter         ELBO"
[1] "605:    227979.307361"
[1] "iter         ELBO"
[1] "606:    227980.946132"
[1] "iter         ELBO"
[1] "607:    227980.706118"
[1] "iter         ELBO"
[1] "608:    227980.838334"
[1] "iter         ELBO"
[1] "609:    227981.268221"
[1] "iter         ELBO"
[1] "610:    227981.604344"
[1] "iter         ELBO"
[1] "611:    227981.352310"
[1] "iter         ELBO"
[1] "612:    227981.226433"
[1] "iter         ELBO"
[1] "613:    227981.088303"
[1] "iter         ELBO"
[1] "614:    227980.222186"
[1] "iter         ELBO"
[1] "615:    227980.297654"
[1] "iter         ELBO"
[1] "616:    227980.930808"
[1] "iter         ELBO"
[1] "617:    227980.194898"
[1] "iter         ELBO"
[1] "618:    227979.340887"
[1] "iter         ELBO"
[1] "619:    227979.369690"
[1] "iter         ELBO"
[1] "620:    227978.532207"
[1] "iter         ELBO"
[1] "621:    227977.579334"
[1] "iter         ELBO"
[1] "622:    227977.262014"
[1] "iter         ELBO"
[1] "623:    227977.331075"
[1] "iter         ELBO"
[1] "624:    227977.787438"
[1] "iter         ELBO"
[1] "625:    227977.381966"
[1] "iter         ELBO"
[1] "626:    227976.865523"
[1] "iter         ELBO"
[1] "627:    227977.488975"
[1] "iter         ELBO"
[1] "628:    227978.234246"
[1] "iter         ELBO"
[1] "629:    227977.411428"
[1] "iter         ELBO"
[1] "630:    227978.480877"
[1] "iter         ELBO"
[1] "631:    227979.193429"
[1] "iter         ELBO"
[1] "632:    227979.549955"
[1] "iter         ELBO"
[1] "633:    227980.301215"
[1] "iter         ELBO"
[1] "634:    227981.988441"
[1] "iter         ELBO"
[1] "635:    227979.531382"
[1] "iter         ELBO"
[1] "636:    227977.971489"
[1] "iter         ELBO"
[1] "637:    227975.809630"
[1] "iter         ELBO"
[1] "638:    227974.546555"
[1] "iter         ELBO"
[1] "639:    227975.933036"
[1] "iter         ELBO"
[1] "640:    227977.295625"
[1] "iter         ELBO"
[1] "641:    227977.436685"
[1] "iter         ELBO"
[1] "642:    227976.730018"
[1] "iter         ELBO"
[1] "643:    227976.426357"
[1] "iter         ELBO"
[1] "644:    227976.776475"
[1] "iter         ELBO"
[1] "645:    227976.531066"
[1] "iter         ELBO"
[1] "646:    227977.190947"
[1] "iter         ELBO"
[1] "647:    227975.256816"
[1] "iter         ELBO"
[1] "648:    227977.729389"
[1] "iter         ELBO"
[1] "649:    227976.359426"
[1] "iter         ELBO"
[1] "650:    227975.897605"
[1] "iter         ELBO"
[1] "651:    227976.844662"
[1] "iter         ELBO"
[1] "652:    227976.698397"
[1] "iter         ELBO"
[1] "653:    227974.965329"
[1] "iter         ELBO"
[1] "654:    227974.389476"
[1] "iter         ELBO"
[1] "655:    227975.731034"
[1] "iter         ELBO"
[1] "656:    227974.484916"
[1] "iter         ELBO"
[1] "657:    227981.505161"
[1] "iter         ELBO"
[1] "658:    227983.285872"
[1] "iter         ELBO"
[1] "659:    227985.004889"
[1] "iter         ELBO"
[1] "660:    227982.941674"
[1] "iter         ELBO"
[1] "661:    227984.043903"
[1] "iter         ELBO"
[1] "662:    227984.812300"
[1] "iter         ELBO"
[1] "663:    227982.747451"
[1] "iter         ELBO"
[1] "664:    227983.100048"
[1] "iter         ELBO"
[1] "665:    227984.120687"
[1] "iter         ELBO"
[1] "666:    227981.810061"
[1] "iter         ELBO"
[1] "667:    227983.668739"
[1] "iter         ELBO"
[1] "668:    227983.199799"
[1] "iter         ELBO"
[1] "669:    227982.149012"
[1] "iter         ELBO"
[1] "670:    227982.519386"
[1] "iter         ELBO"
[1] "671:    227982.311570"
[1] "iter         ELBO"
[1] "672:    227980.776158"
[1] "iter         ELBO"
[1] "673:    227981.163760"
[1] "iter         ELBO"
[1] "674:    227981.724951"
[1] "iter         ELBO"
[1] "675:    227981.100748"
[1] "iter         ELBO"
[1] "676:    227981.509830"
[1] "iter         ELBO"
[1] "677:    227980.594304"
[1] "iter         ELBO"
[1] "678:    227979.854755"
[1] "iter         ELBO"
[1] "679:    227981.791694"
[1] "iter         ELBO"
[1] "680:    227980.635858"
[1] "iter         ELBO"
[1] "681:    227982.704537"
[1] "iter         ELBO"
[1] "682:    227982.655111"
[1] "iter         ELBO"
[1] "683:    227981.784646"
[1] "iter         ELBO"
[1] "684:    227982.343619"
[1] "iter         ELBO"
[1] "685:    227980.332661"
[1] "iter         ELBO"
[1] "686:    227983.002233"
[1] "iter         ELBO"
[1] "687:    227980.602923"
[1] "iter         ELBO"
[1] "688:    227981.996578"
[1] "iter         ELBO"
[1] "689:    227980.710215"
[1] "iter         ELBO"
[1] "690:    227980.606540"
[1] "iter         ELBO"
[1] "691:    227980.936071"
[1] "iter         ELBO"
[1] "692:    227979.949363"
[1] "iter         ELBO"
[1] "693:    227980.896893"
[1] "iter         ELBO"
[1] "694:    227979.529196"
[1] "iter         ELBO"
[1] "695:    227980.846735"
[1] "iter         ELBO"
[1] "696:    227979.350042"
[1] "iter         ELBO"
[1] "697:    227980.039623"
[1] "iter         ELBO"
[1] "698:    227979.665960"
[1] "iter         ELBO"
[1] "699:    227979.229547"
[1] "iter         ELBO"
[1] "700:    227979.230841"
[1] "iter         ELBO"
[1] "701:    227979.420341"
[1] "iter         ELBO"
[1] "702:    227978.798541"
[1] "iter         ELBO"
[1] "703:    227979.115897"
[1] "iter         ELBO"
[1] "704:    227978.122896"
[1] "iter         ELBO"
[1] "705:    227978.570011"
[1] "iter         ELBO"
[1] "706:    227978.457663"
[1] "iter         ELBO"
[1] "707:    227978.036368"
[1] "iter         ELBO"
[1] "708:    227977.806536"
[1] "iter         ELBO"
[1] "709:    227977.518619"
[1] "iter         ELBO"
[1] "710:    227976.923131"
[1] "iter         ELBO"
[1] "711:    227977.020424"
[1] "iter         ELBO"
[1] "712:    227976.311024"
[1] "iter         ELBO"
[1] "713:    227977.045345"
[1] "iter         ELBO"
[1] "714:    227976.223777"
[1] "iter         ELBO"
[1] "715:    227977.346805"
[1] "iter         ELBO"
[1] "716:    227976.414832"
[1] "iter         ELBO"
[1] "717:    227977.178287"
[1] "iter         ELBO"
[1] "718:    227976.387590"
[1] "iter         ELBO"
[1] "719:    227976.043192"
[1] "iter         ELBO"
[1] "720:    227976.145444"
[1] "iter         ELBO"
[1] "721:    227974.444824"
[1] "iter         ELBO"
[1] "722:    227975.691719"
[1] "iter         ELBO"
[1] "723:    227975.093454"
[1] "iter         ELBO"
[1] "724:    227975.984968"
[1] "iter         ELBO"
[1] "725:    227975.325237"
[1] "iter         ELBO"
[1] "726:    227974.864619"
[1] "iter         ELBO"
[1] "727:    227975.561948"
[1] "iter         ELBO"
[1] "728:    227974.497404"
[1] "iter         ELBO"
[1] "729:    227975.460005"
[1] "iter         ELBO"
[1] "730:    227975.051147"
[1] "iter         ELBO"
[1] "731:    227974.837897"
[1] "iter         ELBO"
[1] "732:    227975.076143"
[1] "iter         ELBO"
[1] "733:    227974.813338"
[1] "iter         ELBO"
[1] "734:    227976.207236"
[1] "iter         ELBO"
[1] "735:    227975.803670"
[1] "iter         ELBO"
[1] "736:    227975.353092"
[1] "iter         ELBO"
[1] "737:    227977.355777"
[1] "iter         ELBO"
[1] "738:    227980.749033"
[1] "iter         ELBO"
[1] "739:    227986.689007"
[1] "iter         ELBO"
[1] "740:    227987.309819"
[1] "iter         ELBO"
[1] "741:    227987.885350"
[1] "iter         ELBO"
[1] "742:    227988.915910"
[1] "iter         ELBO"
[1] "743:    227986.651860"
[1] "iter         ELBO"
[1] "744:    227985.843552"
[1] "iter         ELBO"
[1] "745:    227987.991290"
[1] "iter         ELBO"
[1] "746:    227985.095483"
[1] "iter         ELBO"
[1] "747:    227982.406384"
[1] "iter         ELBO"
[1] "748:    227984.424381"
[1] "iter         ELBO"
[1] "749:    227980.899811"
[1] "iter         ELBO"
[1] "750:    227978.082974"
[1] "iter         ELBO"
[1] "751:    227978.474214"
[1] "iter         ELBO"
[1] "752:    227975.573820"
[1] "iter         ELBO"
[1] "753:    227972.382178"
[1] "iter         ELBO"
[1] "754:    227973.399579"
[1] "iter         ELBO"
[1] "755:    227971.876307"
[1] "iter         ELBO"
[1] "756:    227970.562711"
[1] "iter         ELBO"
[1] "757:    227971.709097"
[1] "iter         ELBO"
[1] "758:    227971.565780"
[1] "iter         ELBO"
[1] "759:    227976.237011"
[1] "iter         ELBO"
[1] "760:    227985.312656"
[1] "iter         ELBO"
[1] "761:    227985.814356"
[1] "iter         ELBO"
[1] "762:    227985.027468"
[1] "iter         ELBO"
[1] "763:    227984.952268"
[1] "iter         ELBO"
[1] "764:    227985.089092"
[1] "iter         ELBO"
[1] "765:    227984.188176"
[1] "iter         ELBO"
[1] "766:    227984.749871"
[1] "iter         ELBO"
[1] "767:    227984.342700"
[1] "iter         ELBO"
[1] "768:    227985.631701"
[1] "iter         ELBO"
[1] "769:    227985.143869"
[1] "iter         ELBO"
[1] "770:    227984.303514"
[1] "iter         ELBO"
[1] "771:    227985.677201"
[1] "iter         ELBO"
[1] "772:    227984.515218"
[1] "iter         ELBO"
[1] "773:    227984.817854"
[1] "iter         ELBO"
[1] "774:    227984.085357"
[1] "iter         ELBO"
[1] "775:    227984.317987"
[1] "iter         ELBO"
[1] "776:    227985.018117"
[1] "iter         ELBO"
[1] "777:    227983.931834"
[1] "iter         ELBO"
[1] "778:    227984.561529"
[1] "iter         ELBO"
[1] "779:    227984.157406"
[1] "iter         ELBO"
[1] "780:    227984.719770"
[1] "iter         ELBO"
[1] "781:    227983.248862"
[1] "iter         ELBO"
[1] "782:    227983.994926"
[1] "iter         ELBO"
[1] "783:    227983.958238"
[1] "iter         ELBO"
[1] "784:    227983.889082"
[1] "iter         ELBO"
[1] "785:    227982.787644"
[1] "iter         ELBO"
[1] "786:    227983.404198"
[1] "iter         ELBO"
[1] "787:    227983.988988"
[1] "iter         ELBO"
[1] "788:    227983.542278"
[1] "iter         ELBO"
[1] "789:    227982.564303"
[1] "iter         ELBO"
[1] "790:    227982.555296"
[1] "iter         ELBO"
[1] "791:    227983.515510"
[1] "iter         ELBO"
[1] "792:    227983.445173"
[1] "iter         ELBO"
[1] "793:    227982.594526"
[1] "iter         ELBO"
[1] "794:    227982.713786"
[1] "iter         ELBO"
[1] "795:    227983.053201"
[1] "iter         ELBO"
[1] "796:    227983.112989"
[1] "iter         ELBO"
[1] "797:    227983.143415"
[1] "iter         ELBO"
[1] "798:    227982.644675"
[1] "iter         ELBO"
[1] "799:    227982.366982"
[1] "iter         ELBO"
[1] "800:    227982.810585"
[1] "iter         ELBO"
[1] "801:    227982.975700"
[1] "iter         ELBO"
[1] "802:    227981.362545"
[1] "iter         ELBO"
[1] "803:    227981.971346"
[1] "iter         ELBO"
[1] "804:    227982.802277"
[1] "iter         ELBO"
[1] "805:    227982.105616"
[1] "iter         ELBO"
[1] "806:    227981.881543"
[1] "iter         ELBO"
[1] "807:    227980.880285"
[1] "iter         ELBO"
[1] "808:    227981.852022"
[1] "iter         ELBO"
[1] "809:    227982.047000"
[1] "iter         ELBO"
[1] "810:    227982.465376"
[1] "iter         ELBO"
[1] "811:    227981.357405"
[1] "iter         ELBO"
[1] "812:    227981.223285"
[1] "iter         ELBO"
[1] "813:    227981.813169"
[1] "iter         ELBO"
[1] "814:    227981.127316"
[1] "iter         ELBO"
[1] "815:    227981.665894"
[1] "iter         ELBO"
[1] "816:    227980.929114"
[1] "iter         ELBO"
[1] "817:    227981.417176"
[1] "iter         ELBO"
[1] "818:    227981.130239"
[1] "iter         ELBO"
[1] "819:    227981.068538"
[1] "iter         ELBO"
[1] "820:    227981.232259"
[1] "iter         ELBO"
[1] "821:    227981.371537"
[1] "iter         ELBO"
[1] "822:    227980.986636"
[1] "iter         ELBO"
[1] "823:    227980.827699"
[1] "iter         ELBO"
[1] "824:    227980.644927"
[1] "iter         ELBO"
[1] "825:    227980.938522"
[1] "iter         ELBO"
[1] "826:    227980.958605"
[1] "iter         ELBO"
[1] "827:    227980.205408"
[1] "iter         ELBO"
[1] "828:    227981.429125"
[1] "iter         ELBO"
[1] "829:    227980.129881"
[1] "iter         ELBO"
[1] "830:    227980.307871"
[1] "iter         ELBO"
[1] "831:    227979.963296"
[1] "iter         ELBO"
[1] "832:    227979.846324"
[1] "iter         ELBO"
[1] "833:    227980.957085"
[1] "iter         ELBO"
[1] "834:    227979.295833"
[1] "iter         ELBO"
[1] "835:    227979.862664"
[1] "iter         ELBO"
[1] "836:    227980.407750"
[1] "iter         ELBO"
[1] "837:    227980.181316"
[1] "iter         ELBO"
[1] "838:    227979.683468"
[1] "iter         ELBO"
[1] "839:    227980.914412"
[1] "iter         ELBO"
[1] "840:    227979.374293"
[1] "iter         ELBO"
[1] "841:    227978.813260"
[1] "iter         ELBO"
[1] "842:    227979.731513"
[1] "iter         ELBO"
[1] "843:    227979.879176"
[1] "iter         ELBO"
[1] "844:    227979.756428"
[1] "iter         ELBO"
[1] "845:    227980.363407"
[1] "iter         ELBO"
[1] "846:    227979.450302"
[1] "iter         ELBO"
[1] "847:    227979.017246"
[1] "iter         ELBO"
[1] "848:    227979.314389"
[1] "iter         ELBO"
[1] "849:    227979.591895"
[1] "iter         ELBO"
[1] "850:    227979.349909"
[1] "iter         ELBO"
[1] "851:    227979.338583"
[1] "iter         ELBO"
[1] "852:    227979.558043"
[1] "iter         ELBO"
[1] "853:    227979.258486"
[1] "iter         ELBO"
[1] "854:    227978.690033"
[1] "iter         ELBO"
[1] "855:    227978.852822"
[1] "iter         ELBO"
[1] "856:    227978.747008"
[1] "iter         ELBO"
[1] "857:    227979.122729"
[1] "iter         ELBO"
[1] "858:    227978.730148"
[1] "iter         ELBO"
[1] "859:    227979.819358"
[1] "iter         ELBO"
[1] "860:    227978.890563"
[1] "iter         ELBO"
[1] "861:    227978.443866"
[1] "iter         ELBO"
[1] "862:    227978.229371"
[1] "iter         ELBO"
[1] "863:    227978.247281"
[1] "iter         ELBO"
[1] "864:    227979.247721"
[1] "iter         ELBO"
[1] "865:    227977.980787"
[1] "iter         ELBO"
[1] "866:    227979.196634"
[1] "iter         ELBO"
[1] "867:    227978.645403"
[1] "iter         ELBO"
[1] "868:    227978.327215"
[1] "iter         ELBO"
[1] "869:    227977.492200"
[1] "iter         ELBO"
[1] "870:    227977.890496"
[1] "iter         ELBO"
[1] "871:    227978.522214"
[1] "iter         ELBO"
[1] "872:    227978.387535"
[1] "iter         ELBO"
[1] "873:    227978.736492"
[1] "iter         ELBO"
[1] "874:    227978.319307"
[1] "iter         ELBO"
[1] "875:    227978.136042"
[1] "iter         ELBO"
[1] "876:    227978.186846"
[1] "iter         ELBO"
[1] "877:    227977.221854"
[1] "iter         ELBO"
[1] "878:    227977.491128"
[1] "iter         ELBO"
[1] "879:    227978.494862"
[1] "iter         ELBO"
[1] "880:    227977.733162"
[1] "iter         ELBO"
[1] "881:    227977.956105"
[1] "iter         ELBO"
[1] "882:    227977.913850"
[1] "iter         ELBO"
[1] "883:    227978.606502"
[1] "iter         ELBO"
[1] "884:    227977.784181"
[1] "iter         ELBO"
[1] "885:    227976.946973"
[1] "iter         ELBO"
[1] "886:    227976.595043"
[1] "iter         ELBO"
[1] "887:    227977.978462"
[1] "iter         ELBO"
[1] "888:    227977.597371"
[1] "iter         ELBO"
[1] "889:    227977.201855"
[1] "iter         ELBO"
[1] "890:    227978.292063"
[1] "iter         ELBO"
[1] "891:    227977.618057"
[1] "iter         ELBO"
[1] "892:    227977.429991"
[1] "iter         ELBO"
[1] "893:    227977.727961"
[1] "iter         ELBO"
[1] "894:    227977.012049"
[1] "iter         ELBO"
[1] "895:    227976.282400"
[1] "iter         ELBO"
[1] "896:    227977.289090"
[1] "iter         ELBO"
[1] "897:    227977.282244"
[1] "iter         ELBO"
[1] "898:    227977.261955"
[1] "iter         ELBO"
[1] "899:    227977.728339"
[1] "iter         ELBO"
[1] "900:    227977.681479"
[1] "iter         ELBO"
[1] "901:    227977.371478"
[1] "iter         ELBO"
[1] "902:    227977.548463"
[1] "iter         ELBO"
[1] "903:    227976.962528"
[1] "iter         ELBO"
[1] "904:    227975.863749"
[1] "iter         ELBO"
[1] "905:    227976.502239"
[1] "iter         ELBO"
[1] "906:    227976.628102"
[1] "iter         ELBO"
[1] "907:    227976.991427"
[1] "iter         ELBO"
[1] "908:    227976.842319"
[1] "iter         ELBO"
[1] "909:    227977.680880"
[1] "iter         ELBO"
[1] "910:    227977.257179"
[1] "iter         ELBO"
[1] "911:    227976.821329"
[1] "iter         ELBO"
[1] "912:    227977.123411"
[1] "iter         ELBO"
[1] "913:    227976.413529"
[1] "iter         ELBO"
[1] "914:    227975.941769"
[1] "iter         ELBO"
[1] "915:    227976.208247"
[1] "iter         ELBO"
[1] "916:    227975.713030"
[1] "iter         ELBO"
[1] "917:    227976.456207"
[1] "iter         ELBO"
[1] "918:    227977.187867"
[1] "iter         ELBO"
[1] "919:    227976.908107"
[1] "iter         ELBO"
[1] "920:    227977.867013"
[1] "iter         ELBO"
[1] "921:    227984.002918"
[1] "iter         ELBO"
[1] "922:    227985.441833"
[1] "iter         ELBO"
[1] "923:    227986.869658"
[1] "iter         ELBO"
[1] "924:    227988.036444"
[1] "iter         ELBO"
[1] "925:    227989.492605"
[1] "iter         ELBO"
[1] "926:    227990.387281"
[1] "iter         ELBO"
[1] "927:    227991.021177"
[1] "iter         ELBO"
[1] "928:    227991.894404"
[1] "iter         ELBO"
[1] "929:    227993.007055"
[1] "iter         ELBO"
[1] "930:    227993.359187"
[1] "iter         ELBO"
[1] "931:    227992.950922"
[1] "iter         ELBO"
[1] "932:    227993.782281"
[1] "iter         ELBO"
[1] "933:    227993.103441"
[1] "iter         ELBO"
[1] "934:    227992.414374"
[1] "iter         ELBO"
[1] "935:    227991.715172"
[1] "iter         ELBO"
[1] "936:    227991.255985"
[1] "iter         ELBO"
[1] "937:    227991.287226"
[1] "iter         ELBO"
[1] "938:    227991.308198"
[1] "iter         ELBO"
[1] "939:    227991.069349"
[1] "iter         ELBO"
[1] "940:    227990.070803"
[1] "iter         ELBO"
[1] "941:    227990.312600"
[1] "iter         ELBO"
[1] "942:    227990.544809"
[1] "iter         ELBO"
[1] "943:    227990.267543"
[1] "iter         ELBO"
[1] "944:    227987.980831"
[1] "iter         ELBO"
[1] "945:    227988.184801"
[1] "iter         ELBO"
[1] "946:    227985.415797"
[1] "iter         ELBO"
[1] "947:    227982.100963"
[1] "iter         ELBO"
[1] "948:    227991.027041"
[1] "iter         ELBO"
[1] "949:    227990.194003"
[1] "iter         ELBO"
[1] "950:    227991.101993"
R version 3.6.2 (2019-12-12)
Platform: x86_64-pc-linux-gnu (64-bit)
Running under: Ubuntu 18.04.1 LTS

Matrix products: default
BLAS:   /usr/lib/x86_64-linux-gnu/blas/libblas.so.3.7.1
LAPACK: /usr/lib/x86_64-linux-gnu/lapack/liblapack.so.3.7.1

locale:
 [1] LC_CTYPE=en_US.UTF-8       LC_NUMERIC=C              
 [3] LC_TIME=en_US.UTF-8        LC_COLLATE=en_US.UTF-8    
 [5] LC_MONETARY=en_US.UTF-8    LC_MESSAGES=en_US.UTF-8   
 [7] LC_PAPER=en_US.UTF-8       LC_NAME=C                 
 [9] LC_ADDRESS=C               LC_TELEPHONE=C            
[11] LC_MEASUREMENT=en_US.UTF-8 LC_IDENTIFICATION=C       

attached base packages:
[1] parallel  stats     graphics  grDevices utils     datasets  methods  
[8] base     

other attached packages:
[1] ebpmf.alpha_0.1.9 ebpm_0.0.0.9021   testthat_2.3.1   

loaded via a namespace (and not attached):
 [1] Rcpp_1.0.3          pillar_1.4.3        compiler_3.6.2     
 [4] prettyunits_1.1.1   remotes_2.1.0       tools_3.6.2        
 [7] digest_0.6.23       pkgbuild_1.0.6      pkgload_1.0.2      
[10] tibble_2.1.3        memoise_1.1.0       lifecycle_0.1.0    
[13] gtable_0.3.0        lattice_0.20-38     pkgconfig_2.0.3    
[16] rlang_0.4.4         Matrix_1.2-18       cli_2.0.1          
[19] rstudioapi_0.10     dplyr_0.8.4         withr_2.1.2        
[22] gtools_3.8.1        desc_1.2.0          fs_1.3.1           
[25] devtools_2.2.1      RcppZiggurat_0.1.5  Rfast_1.9.8        
[28] tidyselect_1.0.0    rprojroot_1.3-2     grid_3.6.2         
[31] glue_1.3.1          R6_2.4.1            processx_3.4.1     
[34] fansi_0.4.1         sessioninfo_1.1.1   mixsqp_0.3-17      
[37] irlba_2.3.3         purrr_0.3.3         callr_3.4.1        
[40] ggplot2_3.2.1       magrittr_1.5        backports_1.1.5    
[43] scales_1.1.0        ps_1.3.0            ellipsis_0.3.0     
[46] usethis_1.5.1       assertthat_0.2.1    colorspace_1.4-1   
[49] numDeriv_2016.8-1.1 gsl_2.1-6           lazyeval_0.2.2     
[52] munsell_0.5.0       NNLM_0.4.4          crayon_1.3.4       
